Using pre-set license
Built from '2020.2/release' branch; Version is '2020.2.2f1 (068178b99f32) revision 426360'; Using compiler version '192528614'; Build Type 'Release'
OS: 'Windows 10 Home Single Language; OS build 18363.1316; Version 1909; 64bit' Language: 'es' Physical Memory: 3858 MB
BatchMode: 1, IsHumanControllingUs: 0, StartBugReporterOnCrash: 0, Is64bit: 1, IsPro: 0

 COMMAND LINE ARGUMENTS:
C:\Program Files\Unity\Hub\Editor\2020.2.2f1\Editor\Unity.exe
-adb2
-batchMode
-noUpm
-name
AssetImportWorker11
-projectPath
C:/Users/Juan Pablo Mesa/gameJam-2021/gameJAM-2021/JAM 2021
-logFile
Logs/AssetImportWorker11.log
-srvPort
50595
Successfully changed project path to: C:/Users/Juan Pablo Mesa/gameJam-2021/gameJAM-2021/JAM 2021
C:/Users/Juan Pablo Mesa/gameJam-2021/gameJAM-2021/JAM 2021
Using Asset Import Pipeline V2.
Refreshing native plugins compatible for Editor in 281.31 ms, found 1 plugins.
Preloading 0 native plugins for Editor in 0.00 ms.
Initialize engine version: 2020.2.2f1 (068178b99f32)
[Subsystems] Discovering subsystems at path C:/Program Files/Unity/Hub/Editor/2020.2.2f1/Editor/Data/Resources/UnitySubsystems
[Subsystems] Discovering subsystems at path C:/Users/Juan Pablo Mesa/gameJam-2021/gameJAM-2021/JAM 2021/Assets
GfxDevice: creating device client; threaded=0
Direct3D:
    Version:  Direct3D 11.0 [level 11.1]
    Renderer: Intel(R) UHD Graphics 600 (ID=0x3185)
    Vendor:   
    VRAM:     1929 MB
    Driver:   23.20.16.4973
Initialize mono
Mono path[0] = 'C:/Program Files/Unity/Hub/Editor/2020.2.2f1/Editor/Data/Managed'
Mono path[1] = 'C:/Program Files/Unity/Hub/Editor/2020.2.2f1/Editor/Data/MonoBleedingEdge/lib/mono/unityjit'
Mono config path = 'C:/Program Files/Unity/Hub/Editor/2020.2.2f1/Editor/Data/MonoBleedingEdge/etc'
Using monoOptions --debugger-agent=transport=dt_socket,embedding=1,server=y,suspend=n,address=127.0.0.1:56396
Begin MonoManager ReloadAssembly
Registering precompiled unity dll's ...
Register platform support module: C:/Program Files/Unity/Hub/Editor/2020.2.2f1/Editor/Data/PlaybackEngines/WindowsStandaloneSupport/UnityEditor.WindowsStandalone.Extensions.dll
Registered in 0.004610 seconds.
Native extension for WindowsStandalone target not found
Refreshing native plugins compatible for Editor in 95.41 ms, found 1 plugins.
Preloading 0 native plugins for Editor in 0.00 ms.
Invoked RoslynAnalysisRunner static constructor.
RoslynAnalysisRunner will not be running.
RoslynAnalysisRunner has terminated.
Mono: successfully reloaded assembly
- Completed reload, in  4.504 seconds
Platform modules already initialized, skipping
Registering precompiled user dll's ...
Registered in 0.003163 seconds.
Begin MonoManager ReloadAssembly
Symbol file data-000001C0CD5DF410 doesn't match image C:\Users\Juan Pablo Mesa\gameJam-2021\gameJAM-2021\JAM 2021\Library\ScriptAssemblies\Unity.InternalAPIEngineBridge.001.dll
Symbol file LoadedFromMemory is not a mono symbol file
Symbol file data-000001C0C7DF94A0 doesn't match image C:\Users\Juan Pablo Mesa\gameJam-2021\gameJAM-2021\JAM 2021\Library\ScriptAssemblies\Unity.VSCode.Editor.dll
Symbol file LoadedFromMemory is not a mono symbol file
Symbol file data-000001C0C7D42490 doesn't match image C:\Users\Juan Pablo Mesa\gameJam-2021\gameJAM-2021\JAM 2021\Library\ScriptAssemblies\Unity.2D.PixelPerfect.dll
Symbol file LoadedFromMemory is not a mono symbol file
Symbol file data-000001C0CD121A20 doesn't match image C:\Users\Juan Pablo Mesa\gameJam-2021\gameJAM-2021\JAM 2021\Library\ScriptAssemblies\Unity.2D.Tilemap.Editor.dll
Symbol file LoadedFromMemory is not a mono symbol file
Symbol file data-000001C0CB1F1CC0 doesn't match image C:\Users\Juan Pablo Mesa\gameJam-2021\gameJAM-2021\JAM 2021\Library\ScriptAssemblies\PsdPlugin.dll
Symbol file LoadedFromMemory is not a mono symbol file
Symbol file data-000001C0CD4DF0A0 doesn't match image C:\Users\Juan Pablo Mesa\gameJam-2021\gameJAM-2021\JAM 2021\Library\ScriptAssemblies\Unity.VisualStudio.Editor.dll
Symbol file LoadedFromMemory is not a mono symbol file
Symbol file data-000001C0CD055F30 doesn't match image C:\Users\Juan Pablo Mesa\gameJam-2021\gameJAM-2021\JAM 2021\Library\ScriptAssemblies\UnityEngine.TestRunner.dll
Symbol file LoadedFromMemory is not a mono symbol file
Symbol file data-000001C0CD121A20 doesn't match image C:\Users\Juan Pablo Mesa\gameJam-2021\gameJAM-2021\JAM 2021\Library\ScriptAssemblies\Unity.Timeline.dll
Symbol file LoadedFromMemory is not a mono symbol file
Symbol file data-000001C0CB1D7E50 doesn't match image C:\Users\Juan Pablo Mesa\gameJam-2021\gameJAM-2021\JAM 2021\Library\ScriptAssemblies\UnityEditor.TestRunner.dll
Symbol file LoadedFromMemory is not a mono symbol file
Symbol file data-000001C0CB1D7E50 doesn't match image C:\Users\Juan Pablo Mesa\gameJam-2021\gameJAM-2021\JAM 2021\Library\ScriptAssemblies\Unity.2D.Sprite.Editor.dll
Symbol file LoadedFromMemory is not a mono symbol file
Symbol file data-000001C0CD055F30 doesn't match image C:\Users\Juan Pablo Mesa\gameJam-2021\gameJAM-2021\JAM 2021\Library\ScriptAssemblies\Unity.2D.Path.Editor.dll
Symbol file LoadedFromMemory is not a mono symbol file
Symbol file data-000001C0C7D80D90 doesn't match image C:\Users\Juan Pablo Mesa\gameJam-2021\gameJAM-2021\JAM 2021\Library\ScriptAssemblies\Unity.InternalAPIEditorBridge.001.dll
Symbol file LoadedFromMemory is not a mono symbol file
Symbol file data-000001C0C7C16C00 doesn't match image C:\Users\Juan Pablo Mesa\gameJam-2021\gameJAM-2021\JAM 2021\Library\ScriptAssemblies\UnityEditor.UI.dll
Symbol file LoadedFromMemory is not a mono symbol file
Symbol file data-000001C0CCB91C30 doesn't match image C:\Users\Juan Pablo Mesa\gameJam-2021\gameJAM-2021\JAM 2021\Library\ScriptAssemblies\Unity.Rider.Editor.dll
Symbol file LoadedFromMemory is not a mono symbol file
Symbol file data-000001C0CBC58C30 doesn't match image C:\Users\Juan Pablo Mesa\gameJam-2021\gameJAM-2021\JAM 2021\Library\ScriptAssemblies\UnityEngine.UI.dll
Symbol file LoadedFromMemory is not a mono symbol file
Symbol file data-000001C0CB162010 doesn't match image C:\Users\Juan Pablo Mesa\gameJam-2021\gameJAM-2021\JAM 2021\Library\ScriptAssemblies\Unity.Timeline.Editor.dll
Symbol file LoadedFromMemory is not a mono symbol file
Native extension for WindowsStandalone target not found
Refreshing native plugins compatible for Editor in 224.29 ms, found 1 plugins.
Preloading 0 native plugins for Editor in 0.00 ms.
Invoked RoslynAnalysisRunner static constructor.
RoslynAnalysisRunner will not be running.
RoslynAnalysisRunner has terminated.
Mono: successfully reloaded assembly
- Completed reload, in  3.571 seconds
Platform modules already initialized, skipping
========================================================================
Worker process is ready to serve import requests
Launched and connected shader compiler UnityShaderCompiler.exe after 0.58 seconds
Refreshing native plugins compatible for Editor in 2.03 ms, found 1 plugins.
Preloading 0 native plugins for Editor in 0.00 ms.
Unloading 1801 Unused Serialized files (Serialized files now loaded: 0)
System memory in use before: 84.8 MB.
System memory in use after: 84.8 MB.

Unloading 24 unused Assets to reduce memory usage. Loaded Objects now: 2246.
Total: 100.605300 ms (FindLiveObjects: 0.667400 ms CreateObjectMapping: 0.107500 ms MarkObjects: 99.506800 ms  DeleteObjects: 0.319500 ms)

========================================================================
Received Prepare
Registering precompiled user dll's ...
Registered in 0.002939 seconds.
Begin MonoManager ReloadAssembly
Symbol file data-000001C0CAF1AF30 doesn't match image C:\Users\Juan Pablo Mesa\gameJam-2021\gameJAM-2021\JAM 2021\Library\ScriptAssemblies\Unity.InternalAPIEngineBridge.001.dll
Symbol file LoadedFromMemory is not a mono symbol file
Symbol file data-000001C0C7D47BE0 doesn't match image C:\Users\Juan Pablo Mesa\gameJam-2021\gameJAM-2021\JAM 2021\Library\ScriptAssemblies\Unity.VSCode.Editor.dll
Symbol file LoadedFromMemory is not a mono symbol file
Symbol file data-000001C0CD6BD020 doesn't match image C:\Users\Juan Pablo Mesa\gameJam-2021\gameJAM-2021\JAM 2021\Library\ScriptAssemblies\Unity.2D.PixelPerfect.dll
Symbol file LoadedFromMemory is not a mono symbol file
Symbol file data-000001C0CD83E020 doesn't match image C:\Users\Juan Pablo Mesa\gameJam-2021\gameJAM-2021\JAM 2021\Library\ScriptAssemblies\Unity.2D.Tilemap.Editor.dll
Symbol file LoadedFromMemory is not a mono symbol file
Symbol file data-000001C0CE8D6C20 doesn't match image C:\Users\Juan Pablo Mesa\gameJam-2021\gameJAM-2021\JAM 2021\Library\ScriptAssemblies\PsdPlugin.dll
Symbol file LoadedFromMemory is not a mono symbol file
Symbol file data-000001C0CBC30680 doesn't match image C:\Users\Juan Pablo Mesa\gameJam-2021\gameJAM-2021\JAM 2021\Library\ScriptAssemblies\Unity.VisualStudio.Editor.dll
Symbol file LoadedFromMemory is not a mono symbol file
Symbol file data-000001C0CE8D6C20 doesn't match image C:\Users\Juan Pablo Mesa\gameJam-2021\gameJAM-2021\JAM 2021\Library\ScriptAssemblies\UnityEngine.TestRunner.dll
Symbol file LoadedFromMemory is not a mono symbol file
Symbol file data-000001C0CD83E020 doesn't match image C:\Users\Juan Pablo Mesa\gameJam-2021\gameJAM-2021\JAM 2021\Library\ScriptAssemblies\Unity.Timeline.dll
Symbol file LoadedFromMemory is not a mono symbol file
Symbol file data-000001C0CBC74E30 doesn't match image C:\Users\Juan Pablo Mesa\gameJam-2021\gameJAM-2021\JAM 2021\Library\ScriptAssemblies\UnityEditor.TestRunner.dll
Symbol file LoadedFromMemory is not a mono symbol file
Symbol file data-000001C0CD83E020 doesn't match image C:\Users\Juan Pablo Mesa\gameJam-2021\gameJAM-2021\JAM 2021\Library\ScriptAssemblies\Unity.2D.Sprite.Editor.dll
Symbol file LoadedFromMemory is not a mono symbol file
Symbol file data-000001C0CD83E020 doesn't match image C:\Users\Juan Pablo Mesa\gameJam-2021\gameJAM-2021\JAM 2021\Library\ScriptAssemblies\Unity.2D.Path.Editor.dll
Symbol file LoadedFromMemory is not a mono symbol file
Symbol file data-000001C0CD5DF060 doesn't match image C:\Users\Juan Pablo Mesa\gameJam-2021\gameJAM-2021\JAM 2021\Library\ScriptAssemblies\Unity.InternalAPIEditorBridge.001.dll
Symbol file LoadedFromMemory is not a mono symbol file
Symbol file data-000001C0CD128E50 doesn't match image C:\Users\Juan Pablo Mesa\gameJam-2021\gameJAM-2021\JAM 2021\Library\ScriptAssemblies\UnityEditor.UI.dll
Symbol file LoadedFromMemory is not a mono symbol file
Symbol file data-000001C0CE944010 doesn't match image C:\Users\Juan Pablo Mesa\gameJam-2021\gameJAM-2021\JAM 2021\Library\ScriptAssemblies\Unity.Rider.Editor.dll
Symbol file LoadedFromMemory is not a mono symbol file
Symbol file data-000001C0C7C039F0 doesn't match image C:\Users\Juan Pablo Mesa\gameJam-2021\gameJAM-2021\JAM 2021\Library\ScriptAssemblies\UnityEngine.UI.dll
Symbol file LoadedFromMemory is not a mono symbol file
Symbol file data-000001C0CCD3C010 doesn't match image C:\Users\Juan Pablo Mesa\gameJam-2021\gameJAM-2021\JAM 2021\Library\ScriptAssemblies\Unity.Timeline.Editor.dll
Symbol file LoadedFromMemory is not a mono symbol file
Native extension for WindowsStandalone target not found
Refreshing native plugins compatible for Editor in 1.19 ms, found 1 plugins.
Preloading 0 native plugins for Editor in 0.00 ms.
Invoked RoslynAnalysisRunner static constructor.
RoslynAnalysisRunner will not be running.
RoslynAnalysisRunner has terminated.
Mono: successfully reloaded assembly
- Completed reload, in  2.222 seconds
Platform modules already initialized, skipping
Refreshing native plugins compatible for Editor in 1.11 ms, found 1 plugins.
Preloading 0 native plugins for Editor in 0.00 ms.
Unloading 1796 Unused Serialized files (Serialized files now loaded: 0)
System memory in use before: 84.9 MB.
System memory in use after: 84.9 MB.

Unloading 12 unused Assets to reduce memory usage. Loaded Objects now: 2249.
Total: 5.478700 ms (FindLiveObjects: 0.623400 ms CreateObjectMapping: 0.102900 ms MarkObjects: 4.509100 ms  DeleteObjects: 0.240700 ms)

========================================================================
Received Import Request.
  path: Assets/Scripts/Scene5Controller.cs
  artifactKey: Guid(7fc23aebd24da8a4da2c13050773ca62) Importer(815301076,1909f56bfc062723c751e8b465ee728b)
Start importing Assets/Scripts/Scene5Controller.cs using Guid(7fc23aebd24da8a4da2c13050773ca62) Importer(815301076,1909f56bfc062723c751e8b465ee728b)  -> (artifact id: '4065979cfda30a2865b7a038016df67d') in 0.640205 seconds
  Import took 0.750652 seconds .

========================================================================
Received Prepare
Registering precompiled user dll's ...
Registered in 0.002992 seconds.
Begin MonoManager ReloadAssembly
Symbol file data-000001C0CDE9A190 doesn't match image C:\Users\Juan Pablo Mesa\gameJam-2021\gameJAM-2021\JAM 2021\Library\ScriptAssemblies\Unity.InternalAPIEngineBridge.001.dll
Symbol file LoadedFromMemory is not a mono symbol file
Symbol file data-000001C0C7DF94A0 doesn't match image C:\Users\Juan Pablo Mesa\gameJam-2021\gameJAM-2021\JAM 2021\Library\ScriptAssemblies\Unity.VSCode.Editor.dll
Symbol file LoadedFromMemory is not a mono symbol file
Symbol file data-000001C0CB1F9CD0 doesn't match image C:\Users\Juan Pablo Mesa\gameJam-2021\gameJAM-2021\JAM 2021\Library\ScriptAssemblies\Unity.2D.PixelPerfect.dll
Symbol file LoadedFromMemory is not a mono symbol file
Symbol file data-000001C0CED73E50 doesn't match image C:\Users\Juan Pablo Mesa\gameJam-2021\gameJAM-2021\JAM 2021\Library\ScriptAssemblies\Unity.2D.Tilemap.Editor.dll
Symbol file LoadedFromMemory is not a mono symbol file
Symbol file data-000001C0CED73E50 doesn't match image C:\Users\Juan Pablo Mesa\gameJam-2021\gameJAM-2021\JAM 2021\Library\ScriptAssemblies\PsdPlugin.dll
Symbol file LoadedFromMemory is not a mono symbol file
Symbol file data-000001C0C7F367C0 doesn't match image C:\Users\Juan Pablo Mesa\gameJam-2021\gameJAM-2021\JAM 2021\Library\ScriptAssemblies\Unity.VisualStudio.Editor.dll
Symbol file LoadedFromMemory is not a mono symbol file
Symbol file data-000001C0CED73E50 doesn't match image C:\Users\Juan Pablo Mesa\gameJam-2021\gameJAM-2021\JAM 2021\Library\ScriptAssemblies\UnityEngine.TestRunner.dll
Symbol file LoadedFromMemory is not a mono symbol file
Symbol file data-000001C0CED73E50 doesn't match image C:\Users\Juan Pablo Mesa\gameJam-2021\gameJAM-2021\JAM 2021\Library\ScriptAssemblies\Unity.Timeline.dll
Symbol file LoadedFromMemory is not a mono symbol file
Symbol file data-000001C0CB5AB010 doesn't match image C:\Users\Juan Pablo Mesa\gameJam-2021\gameJAM-2021\JAM 2021\Library\ScriptAssemblies\UnityEditor.TestRunner.dll
Symbol file LoadedFromMemory is not a mono symbol file
Symbol file data-000001C0CD83E020 doesn't match image C:\Users\Juan Pablo Mesa\gameJam-2021\gameJAM-2021\JAM 2021\Library\ScriptAssemblies\Unity.2D.Sprite.Editor.dll
Symbol file LoadedFromMemory is not a mono symbol file
Symbol file data-000001C0CAEF7090 doesn't match image C:\Users\Juan Pablo Mesa\gameJam-2021\gameJAM-2021\JAM 2021\Library\ScriptAssemblies\Unity.2D.Path.Editor.dll
Symbol file LoadedFromMemory is not a mono symbol file
Symbol file data-000001C0CD4CDBB0 doesn't match image C:\Users\Juan Pablo Mesa\gameJam-2021\gameJAM-2021\JAM 2021\Library\ScriptAssemblies\Unity.InternalAPIEditorBridge.001.dll
Symbol file LoadedFromMemory is not a mono symbol file
Symbol file data-000001C0DC7DE610 doesn't match image C:\Users\Juan Pablo Mesa\gameJam-2021\gameJAM-2021\JAM 2021\Library\ScriptAssemblies\UnityEditor.UI.dll
Symbol file LoadedFromMemory is not a mono symbol file
Symbol file data-000001C0C7F367C0 doesn't match image C:\Users\Juan Pablo Mesa\gameJam-2021\gameJAM-2021\JAM 2021\Library\ScriptAssemblies\Unity.Rider.Editor.dll
Symbol file LoadedFromMemory is not a mono symbol file
Symbol file data-000001C0CEEFD010 doesn't match image C:\Users\Juan Pablo Mesa\gameJam-2021\gameJAM-2021\JAM 2021\Library\ScriptAssemblies\UnityEngine.UI.dll
Symbol file LoadedFromMemory is not a mono symbol file
Symbol file data-000001C0CCBA7040 doesn't match image C:\Users\Juan Pablo Mesa\gameJam-2021\gameJAM-2021\JAM 2021\Library\ScriptAssemblies\Unity.Timeline.Editor.dll
Symbol file LoadedFromMemory is not a mono symbol file
Native extension for WindowsStandalone target not found
Refreshing native plugins compatible for Editor in 1.89 ms, found 1 plugins.
Preloading 0 native plugins for Editor in 0.00 ms.
Invoked RoslynAnalysisRunner static constructor.
RoslynAnalysisRunner will not be running.
RoslynAnalysisRunner has terminated.
Mono: successfully reloaded assembly
- Completed reload, in  2.147 seconds
Platform modules already initialized, skipping
Refreshing native plugins compatible for Editor in 1.33 ms, found 1 plugins.
Preloading 0 native plugins for Editor in 0.00 ms.
Unloading 1796 Unused Serialized files (Serialized files now loaded: 0)
System memory in use before: 85.0 MB.
System memory in use after: 85.0 MB.

Unloading 12 unused Assets to reduce memory usage. Loaded Objects now: 2252.
Total: 6.336100 ms (FindLiveObjects: 0.544800 ms CreateObjectMapping: 0.107300 ms MarkObjects: 5.410800 ms  DeleteObjects: 0.270400 ms)

========================================================================
Received Import Request.
  Time since last request: 928.776612 seconds.
  path: Assets/Scenes/Scene2.unity
  artifactKey: Guid(c798128bd50cad34eb69ffc8d7635cea) Importer(815301076,1909f56bfc062723c751e8b465ee728b)
Start importing Assets/Scenes/Scene2.unity using Guid(c798128bd50cad34eb69ffc8d7635cea) Importer(815301076,1909f56bfc062723c751e8b465ee728b)  -> (artifact id: 'b6bfb6e91e3b8e9eea12f94083053ff2') in 0.608124 seconds
  Import took 0.743943 seconds .

========================================================================
Received Prepare
Registering precompiled user dll's ...
Registered in 0.597814 seconds.
Begin MonoManager ReloadAssembly
Symbol file data-000001C0CEBED340 doesn't match image C:\Users\Juan Pablo Mesa\gameJam-2021\gameJAM-2021\JAM 2021\Library\ScriptAssemblies\Unity.InternalAPIEngineBridge.001.dll
Symbol file LoadedFromMemory is not a mono symbol file
Symbol file data-000001C0C7DF94A0 doesn't match image C:\Users\Juan Pablo Mesa\gameJam-2021\gameJAM-2021\JAM 2021\Library\ScriptAssemblies\Unity.VSCode.Editor.dll
Symbol file LoadedFromMemory is not a mono symbol file
Symbol file data-000001C0CB1EB070 doesn't match image C:\Users\Juan Pablo Mesa\gameJam-2021\gameJAM-2021\JAM 2021\Library\ScriptAssemblies\Unity.2D.PixelPerfect.dll
Symbol file LoadedFromMemory is not a mono symbol file
Symbol file data-000001C0CB1DC540 doesn't match image C:\Users\Juan Pablo Mesa\gameJam-2021\gameJAM-2021\JAM 2021\Library\ScriptAssemblies\Unity.2D.Tilemap.Editor.dll
Symbol file LoadedFromMemory is not a mono symbol file
Symbol file data-000001C0CD37D020 doesn't match image C:\Users\Juan Pablo Mesa\gameJam-2021\gameJAM-2021\JAM 2021\Library\ScriptAssemblies\PsdPlugin.dll
Symbol file LoadedFromMemory is not a mono symbol file
Symbol file data-000001C0CE9BD700 doesn't match image C:\Users\Juan Pablo Mesa\gameJam-2021\gameJAM-2021\JAM 2021\Library\ScriptAssemblies\Unity.VisualStudio.Editor.dll
Symbol file LoadedFromMemory is not a mono symbol file
Symbol file data-000001C0CCB8D030 doesn't match image C:\Users\Juan Pablo Mesa\gameJam-2021\gameJAM-2021\JAM 2021\Library\ScriptAssemblies\UnityEngine.TestRunner.dll
Symbol file LoadedFromMemory is not a mono symbol file
Symbol file data-000001C0CB1DC540 doesn't match image C:\Users\Juan Pablo Mesa\gameJam-2021\gameJAM-2021\JAM 2021\Library\ScriptAssemblies\Unity.Timeline.dll
Symbol file LoadedFromMemory is not a mono symbol file
Symbol file data-000001C0CB5AB010 doesn't match image C:\Users\Juan Pablo Mesa\gameJam-2021\gameJAM-2021\JAM 2021\Library\ScriptAssemblies\UnityEditor.TestRunner.dll
Symbol file LoadedFromMemory is not a mono symbol file
Symbol file data-000001C0C7F23060 doesn't match image C:\Users\Juan Pablo Mesa\gameJam-2021\gameJAM-2021\JAM 2021\Library\ScriptAssemblies\Unity.2D.Sprite.Editor.dll
Symbol file LoadedFromMemory is not a mono symbol file
Symbol file data-000001C0CE3C4040 doesn't match image C:\Users\Juan Pablo Mesa\gameJam-2021\gameJAM-2021\JAM 2021\Library\ScriptAssemblies\Unity.2D.Path.Editor.dll
Symbol file LoadedFromMemory is not a mono symbol file
Symbol file data-000001C0CBA95CA0 doesn't match image C:\Users\Juan Pablo Mesa\gameJam-2021\gameJAM-2021\JAM 2021\Library\ScriptAssemblies\Unity.InternalAPIEditorBridge.001.dll
Symbol file LoadedFromMemory is not a mono symbol file
Symbol file data-000001C0DC7DE610 doesn't match image C:\Users\Juan Pablo Mesa\gameJam-2021\gameJAM-2021\JAM 2021\Library\ScriptAssemblies\UnityEditor.UI.dll
Symbol file LoadedFromMemory is not a mono symbol file
Symbol file data-000001C0CE9BD700 doesn't match image C:\Users\Juan Pablo Mesa\gameJam-2021\gameJAM-2021\JAM 2021\Library\ScriptAssemblies\Unity.Rider.Editor.dll
Symbol file LoadedFromMemory is not a mono symbol file
Symbol file data-000001C0CDE9C020 doesn't match image C:\Users\Juan Pablo Mesa\gameJam-2021\gameJAM-2021\JAM 2021\Library\ScriptAssemblies\UnityEngine.UI.dll
Symbol file LoadedFromMemory is not a mono symbol file
Symbol file data-000001C0CCBA7040 doesn't match image C:\Users\Juan Pablo Mesa\gameJam-2021\gameJAM-2021\JAM 2021\Library\ScriptAssemblies\Unity.Timeline.Editor.dll
Symbol file LoadedFromMemory is not a mono symbol file
Native extension for WindowsStandalone target not found
Refreshing native plugins compatible for Editor in 1.32 ms, found 1 plugins.
Preloading 0 native plugins for Editor in 0.00 ms.
Invoked RoslynAnalysisRunner static constructor.
RoslynAnalysisRunner will not be running.
RoslynAnalysisRunner has terminated.
Mono: successfully reloaded assembly
- Completed reload, in  3.817 seconds
Platform modules already initialized, skipping
Refreshing native plugins compatible for Editor in 1.13 ms, found 1 plugins.
Preloading 0 native plugins for Editor in 0.00 ms.
Unloading 1796 Unused Serialized files (Serialized files now loaded: 0)
System memory in use before: 85.2 MB.
System memory in use after: 85.2 MB.

Unloading 12 unused Assets to reduce memory usage. Loaded Objects now: 2255.
Total: 6.387500 ms (FindLiveObjects: 0.554900 ms CreateObjectMapping: 0.111900 ms MarkObjects: 5.430800 ms  DeleteObjects: 0.286400 ms)

========================================================================
Received Import Request.
  Time since last request: 196.303359 seconds.
  path: Assets/Scenes/Scene5.unity
  artifactKey: Guid(66102cbdc9a14694aa55c29c656f1f70) Importer(815301076,1909f56bfc062723c751e8b465ee728b)
Start importing Assets/Scenes/Scene5.unity using Guid(66102cbdc9a14694aa55c29c656f1f70) Importer(815301076,1909f56bfc062723c751e8b465ee728b)  -> (artifact id: '860fb18deea73d60447c9cd27203a311') in 0.059604 seconds
  Import took 0.065655 seconds .

========================================================================
Received Import Request.
  Time since last request: 84.085716 seconds.
  path: Assets/Images/Cavernícola_FINAL.png
  artifactKey: Guid(d749a5f813f7f7f4ea912ad1df7ce29c) Importer(815301076,1909f56bfc062723c751e8b465ee728b)
Start importing Assets/Images/Cavernícola_FINAL.png using Guid(d749a5f813f7f7f4ea912ad1df7ce29c) Importer(815301076,1909f56bfc062723c751e8b465ee728b)  -> (artifact id: 'dec074b102acc91534951ca61a5f96a9') in 16.483650 seconds
  Import took 16.507165 seconds .

========================================================================
Received Import Request.
  Time since last request: 143.044586 seconds.
  path: Assets/Images/Final_fantasma 1.png
  artifactKey: Guid(6d1902bffafc52741a9e455d3d8c3921) Importer(815301076,1909f56bfc062723c751e8b465ee728b)
Start importing Assets/Images/Final_fantasma 1.png using Guid(6d1902bffafc52741a9e455d3d8c3921) Importer(815301076,1909f56bfc062723c751e8b465ee728b)  -> (artifact id: '742c5bbc0895e8ea8d172aa6a3eabd9a') in 0.436853 seconds
  Import took 0.489007 seconds .

========================================================================
Received Import Request.
  Time since last request: 0.000530 seconds.
  path: Assets/Images/Final_fantasma 3.png
  artifactKey: Guid(690e51872b02f494784bcf3ea80a1eda) Importer(815301076,1909f56bfc062723c751e8b465ee728b)
Start importing Assets/Images/Final_fantasma 3.png using Guid(690e51872b02f494784bcf3ea80a1eda) Importer(815301076,1909f56bfc062723c751e8b465ee728b)  -> (artifact id: '7382c61fd0ad2b9b0a76dcca29a12df8') in 0.140700 seconds
  Import took 0.146579 seconds .

========================================================================
Received Import Request.
  Time since last request: 0.000422 seconds.
  path: Assets/Images/Final_fantasma 4.png
  artifactKey: Guid(df777d8642f145d4fa6cc4065f5879ad) Importer(815301076,1909f56bfc062723c751e8b465ee728b)
Start importing Assets/Images/Final_fantasma 4.png using Guid(df777d8642f145d4fa6cc4065f5879ad) Importer(815301076,1909f56bfc062723c751e8b465ee728b)  -> (artifact id: '82fc9c5d46a6fc80bb52bc11d218aa9e') in 0.121685 seconds
  Import took 0.141395 seconds .

========================================================================
Received Import Request.
  Time since last request: 0.000439 seconds.
  path: Assets/Images/Final_fantasma 2.png
  artifactKey: Guid(6720fc4d7bc325340a3cc749ed0d64ec) Importer(815301076,1909f56bfc062723c751e8b465ee728b)
Start importing Assets/Images/Final_fantasma 2.png using Guid(6720fc4d7bc325340a3cc749ed0d64ec) Importer(815301076,1909f56bfc062723c751e8b465ee728b)  -> (artifact id: 'aec6892030f9c245533feb78e3465c5f') in 0.335152 seconds
  Import took 0.385254 seconds .

