Using pre-set license
Built from '2020.2/release' branch; Version is '2020.2.2f1 (068178b99f32) revision 426360'; Using compiler version '192528614'; Build Type 'Release'
OS: 'Windows 10 Home Single Language; OS build 18363.1316; Version 1909; 64bit' Language: 'es' Physical Memory: 3858 MB
BatchMode: 1, IsHumanControllingUs: 0, StartBugReporterOnCrash: 0, Is64bit: 1, IsPro: 0

 COMMAND LINE ARGUMENTS:
C:\Program Files\Unity\Hub\Editor\2020.2.2f1\Editor\Unity.exe
-adb2
-batchMode
-noUpm
-name
AssetImportWorker7
-projectPath
C:/Users/Juan Pablo Mesa/gameJam-2021/gameJAM-2021/JAM 2021
-logFile
Logs/AssetImportWorker7.log
-srvPort
50496
Successfully changed project path to: C:/Users/Juan Pablo Mesa/gameJam-2021/gameJAM-2021/JAM 2021
C:/Users/Juan Pablo Mesa/gameJam-2021/gameJAM-2021/JAM 2021
Using Asset Import Pipeline V2.
Refreshing native plugins compatible for Editor in 109.58 ms, found 1 plugins.
Preloading 0 native plugins for Editor in 0.00 ms.
Initialize engine version: 2020.2.2f1 (068178b99f32)
[Subsystems] Discovering subsystems at path C:/Program Files/Unity/Hub/Editor/2020.2.2f1/Editor/Data/Resources/UnitySubsystems
[Subsystems] Discovering subsystems at path C:/Users/Juan Pablo Mesa/gameJam-2021/gameJAM-2021/JAM 2021/Assets
GfxDevice: creating device client; threaded=0
Direct3D:
    Version:  Direct3D 11.0 [level 11.1]
    Renderer: Intel(R) UHD Graphics 600 (ID=0x3185)
    Vendor:   
    VRAM:     1929 MB
    Driver:   23.20.16.4973
Initialize mono
Mono path[0] = 'C:/Program Files/Unity/Hub/Editor/2020.2.2f1/Editor/Data/Managed'
Mono path[1] = 'C:/Program Files/Unity/Hub/Editor/2020.2.2f1/Editor/Data/MonoBleedingEdge/lib/mono/unityjit'
Mono config path = 'C:/Program Files/Unity/Hub/Editor/2020.2.2f1/Editor/Data/MonoBleedingEdge/etc'
Using monoOptions --debugger-agent=transport=dt_socket,embedding=1,server=y,suspend=n,address=127.0.0.1:56488
Begin MonoManager ReloadAssembly
Registering precompiled unity dll's ...
Register platform support module: C:/Program Files/Unity/Hub/Editor/2020.2.2f1/Editor/Data/PlaybackEngines/WindowsStandaloneSupport/UnityEditor.WindowsStandalone.Extensions.dll
Registered in 0.004956 seconds.
Native extension for WindowsStandalone target not found
Refreshing native plugins compatible for Editor in 107.52 ms, found 1 plugins.
Preloading 0 native plugins for Editor in 0.00 ms.
Invoked RoslynAnalysisRunner static constructor.
RoslynAnalysisRunner will not be running.
RoslynAnalysisRunner has terminated.
Mono: successfully reloaded assembly
- Completed reload, in  7.910 seconds
Platform modules already initialized, skipping
Registering precompiled user dll's ...
Registered in 0.008876 seconds.
Begin MonoManager ReloadAssembly
Symbol file data-00000262F3B30090 doesn't match image C:\Users\Juan Pablo Mesa\gameJam-2021\gameJAM-2021\JAM 2021\Library\ScriptAssemblies\Unity.InternalAPIEngineBridge.001.dll
Symbol file LoadedFromMemory is not a mono symbol file
Symbol file data-00000262F60C01F0 doesn't match image C:\Users\Juan Pablo Mesa\gameJam-2021\gameJAM-2021\JAM 2021\Library\ScriptAssemblies\Unity.VSCode.Editor.dll
Symbol file LoadedFromMemory is not a mono symbol file
Symbol file data-00000262F43A3EA0 doesn't match image C:\Users\Juan Pablo Mesa\gameJam-2021\gameJAM-2021\JAM 2021\Library\ScriptAssemblies\Unity.2D.PixelPerfect.dll
Symbol file LoadedFromMemory is not a mono symbol file
Symbol file data-00000262F3E1DE30 doesn't match image C:\Users\Juan Pablo Mesa\gameJam-2021\gameJAM-2021\JAM 2021\Library\ScriptAssemblies\Unity.2D.Tilemap.Editor.dll
Symbol file LoadedFromMemory is not a mono symbol file
Symbol file data-00000262F3E1DE30 doesn't match image C:\Users\Juan Pablo Mesa\gameJam-2021\gameJAM-2021\JAM 2021\Library\ScriptAssemblies\PsdPlugin.dll
Symbol file LoadedFromMemory is not a mono symbol file
Symbol file data-00000262F3C0C460 doesn't match image C:\Users\Juan Pablo Mesa\gameJam-2021\gameJAM-2021\JAM 2021\Library\ScriptAssemblies\Unity.VisualStudio.Editor.dll
Symbol file LoadedFromMemory is not a mono symbol file
Symbol file data-00000262F6139020 doesn't match image C:\Users\Juan Pablo Mesa\gameJam-2021\gameJAM-2021\JAM 2021\Library\ScriptAssemblies\UnityEngine.TestRunner.dll
Symbol file LoadedFromMemory is not a mono symbol file
Symbol file data-00000262F446D020 doesn't match image C:\Users\Juan Pablo Mesa\gameJam-2021\gameJAM-2021\JAM 2021\Library\ScriptAssemblies\Unity.Timeline.dll
Symbol file LoadedFromMemory is not a mono symbol file
Symbol file data-00000262F449AE30 doesn't match image C:\Users\Juan Pablo Mesa\gameJam-2021\gameJAM-2021\JAM 2021\Library\ScriptAssemblies\UnityEditor.TestRunner.dll
Symbol file LoadedFromMemory is not a mono symbol file
Symbol file data-00000262F449AE30 doesn't match image C:\Users\Juan Pablo Mesa\gameJam-2021\gameJAM-2021\JAM 2021\Library\ScriptAssemblies\Unity.2D.Sprite.Editor.dll
Symbol file LoadedFromMemory is not a mono symbol file
Symbol file data-00000262F6139020 doesn't match image C:\Users\Juan Pablo Mesa\gameJam-2021\gameJAM-2021\JAM 2021\Library\ScriptAssemblies\Unity.2D.Path.Editor.dll
Symbol file LoadedFromMemory is not a mono symbol file
Symbol file data-00000262F60B58B0 doesn't match image C:\Users\Juan Pablo Mesa\gameJam-2021\gameJAM-2021\JAM 2021\Library\ScriptAssemblies\Unity.InternalAPIEditorBridge.001.dll
Symbol file LoadedFromMemory is not a mono symbol file
Symbol file data-00000262F6139020 doesn't match image C:\Users\Juan Pablo Mesa\gameJam-2021\gameJAM-2021\JAM 2021\Library\ScriptAssemblies\UnityEditor.UI.dll
Symbol file LoadedFromMemory is not a mono symbol file
Symbol file data-00000262F42D4020 doesn't match image C:\Users\Juan Pablo Mesa\gameJam-2021\gameJAM-2021\JAM 2021\Library\ScriptAssemblies\Unity.Rider.Editor.dll
Symbol file LoadedFromMemory is not a mono symbol file
Symbol file data-00000262F56DC640 doesn't match image C:\Users\Juan Pablo Mesa\gameJam-2021\gameJAM-2021\JAM 2021\Library\ScriptAssemblies\UnityEngine.UI.dll
Symbol file LoadedFromMemory is not a mono symbol file
Symbol file data-00000262F4634020 doesn't match image C:\Users\Juan Pablo Mesa\gameJam-2021\gameJAM-2021\JAM 2021\Library\ScriptAssemblies\Unity.Timeline.Editor.dll
Symbol file LoadedFromMemory is not a mono symbol file
Native extension for WindowsStandalone target not found
Refreshing native plugins compatible for Editor in 283.83 ms, found 1 plugins.
Preloading 0 native plugins for Editor in 0.00 ms.
Invoked RoslynAnalysisRunner static constructor.
RoslynAnalysisRunner will not be running.
RoslynAnalysisRunner has terminated.
Mono: successfully reloaded assembly
- Completed reload, in  6.715 seconds
Platform modules already initialized, skipping
========================================================================
Worker process is ready to serve import requests
Launched and connected shader compiler UnityShaderCompiler.exe after 1.94 seconds
Refreshing native plugins compatible for Editor in 1.63 ms, found 1 plugins.
Preloading 0 native plugins for Editor in 0.00 ms.
Unloading 1800 Unused Serialized files (Serialized files now loaded: 0)
System memory in use before: 84.8 MB.
System memory in use after: 84.8 MB.

Unloading 24 unused Assets to reduce memory usage. Loaded Objects now: 2245.
Total: 4.639700 ms (FindLiveObjects: 0.546800 ms CreateObjectMapping: 0.113800 ms MarkObjects: 3.668300 ms  DeleteObjects: 0.308500 ms)

========================================================================
Received Import Request.
  path: Assets/Images/Cavernícola_FLASHBACK_01.png
  artifactKey: Guid(236206c9f75d9e347be8cc7f4a854e7e) Importer(815301076,1909f56bfc062723c751e8b465ee728b)
Start importing Assets/Images/Cavernícola_FLASHBACK_01.png using Guid(236206c9f75d9e347be8cc7f4a854e7e) Importer(815301076,1909f56bfc062723c751e8b465ee728b)  -> (artifact id: '93aac3566b12413b8737adc7e59f84d8') in 3.035064 seconds
  Import took 3.124829 seconds .

========================================================================
Received Import Request.
  Time since last request: 0.001367 seconds.
  path: Assets/Images/Cavernícola_FLASHBACK_02.png
  artifactKey: Guid(27ae20534dd76394b900999b42949c0a) Importer(815301076,1909f56bfc062723c751e8b465ee728b)
Start importing Assets/Images/Cavernícola_FLASHBACK_02.png using Guid(27ae20534dd76394b900999b42949c0a) Importer(815301076,1909f56bfc062723c751e8b465ee728b)  -> (artifact id: 'f34b51b7d61aa6748e585f9140dc587a') in 0.516427 seconds
  Import took 0.553778 seconds .

========================================================================
Received Import Request.
  Time since last request: 0.017605 seconds.
  path: Assets/Scenes/Scene2.unity
  artifactKey: Guid(c798128bd50cad34eb69ffc8d7635cea) Importer(815301076,1909f56bfc062723c751e8b465ee728b)
Start importing Assets/Scenes/Scene2.unity using Guid(c798128bd50cad34eb69ffc8d7635cea) Importer(815301076,1909f56bfc062723c751e8b465ee728b)  -> (artifact id: '6c5e600e05f7a7d04b533acbb37901c9') in 0.032676 seconds
  Import took 0.130597 seconds .

========================================================================
Received Import Request.
  Time since last request: 0.000398 seconds.
  path: Assets/Images/Cavernícola_FLASHBACK_03.png
  artifactKey: Guid(c2d2ad3521e5f7443bfdf74651d61fc9) Importer(815301076,1909f56bfc062723c751e8b465ee728b)
Start importing Assets/Images/Cavernícola_FLASHBACK_03.png using Guid(c2d2ad3521e5f7443bfdf74651d61fc9) Importer(815301076,1909f56bfc062723c751e8b465ee728b)  -> (artifact id: '0da42f88ca1e83bd171f228480fc2584') in 0.443919 seconds
  Import took 0.471689 seconds .

========================================================================
Received Import Request.
  Time since last request: 30.696887 seconds.
  path: Assets/Scenes/Scene2.unity
  artifactKey: Guid(c798128bd50cad34eb69ffc8d7635cea) Importer(815301076,1909f56bfc062723c751e8b465ee728b)
Start importing Assets/Scenes/Scene2.unity using Guid(c798128bd50cad34eb69ffc8d7635cea) Importer(815301076,1909f56bfc062723c751e8b465ee728b)  -> (artifact id: '29b970310de329155488d9a180ccdd4f') in 0.023901 seconds
  Import took 0.052410 seconds .

========================================================================
Received Prepare
Registering precompiled user dll's ...
Registered in 0.075119 seconds.
Begin MonoManager ReloadAssembly
Symbol file data-00000262F44267F0 doesn't match image C:\Users\Juan Pablo Mesa\gameJam-2021\gameJAM-2021\JAM 2021\Library\ScriptAssemblies\Unity.InternalAPIEngineBridge.001.dll
Symbol file LoadedFromMemory is not a mono symbol file
Symbol file data-00000262F5CF5BD0 doesn't match image C:\Users\Juan Pablo Mesa\gameJam-2021\gameJAM-2021\JAM 2021\Library\ScriptAssemblies\Unity.VSCode.Editor.dll
Symbol file LoadedFromMemory is not a mono symbol file
Symbol file data-00000262F65D0080 doesn't match image C:\Users\Juan Pablo Mesa\gameJam-2021\gameJAM-2021\JAM 2021\Library\ScriptAssemblies\Unity.2D.PixelPerfect.dll
Symbol file LoadedFromMemory is not a mono symbol file
Symbol file data-00000262F3E57B00 doesn't match image C:\Users\Juan Pablo Mesa\gameJam-2021\gameJAM-2021\JAM 2021\Library\ScriptAssemblies\Unity.2D.Tilemap.Editor.dll
Symbol file LoadedFromMemory is not a mono symbol file
Symbol file data-00000262F5DA0020 doesn't match image C:\Users\Juan Pablo Mesa\gameJam-2021\gameJAM-2021\JAM 2021\Library\ScriptAssemblies\PsdPlugin.dll
Symbol file LoadedFromMemory is not a mono symbol file
Symbol file data-00000262EFFE3FA0 doesn't match image C:\Users\Juan Pablo Mesa\gameJam-2021\gameJAM-2021\JAM 2021\Library\ScriptAssemblies\Unity.VisualStudio.Editor.dll
Symbol file LoadedFromMemory is not a mono symbol file
Symbol file data-00000262F5E74010 doesn't match image C:\Users\Juan Pablo Mesa\gameJam-2021\gameJAM-2021\JAM 2021\Library\ScriptAssemblies\UnityEngine.TestRunner.dll
Symbol file LoadedFromMemory is not a mono symbol file
Symbol file data-00000262EFFA3010 doesn't match image C:\Users\Juan Pablo Mesa\gameJam-2021\gameJAM-2021\JAM 2021\Library\ScriptAssemblies\Unity.Timeline.dll
Symbol file LoadedFromMemory is not a mono symbol file
Symbol file data-00000262EFFA3010 doesn't match image C:\Users\Juan Pablo Mesa\gameJam-2021\gameJAM-2021\JAM 2021\Library\ScriptAssemblies\UnityEditor.TestRunner.dll
Symbol file LoadedFromMemory is not a mono symbol file
Symbol file data-00000262EFFA3010 doesn't match image C:\Users\Juan Pablo Mesa\gameJam-2021\gameJAM-2021\JAM 2021\Library\ScriptAssemblies\Unity.2D.Sprite.Editor.dll
Symbol file LoadedFromMemory is not a mono symbol file
Symbol file data-00000262F0315AB0 doesn't match image C:\Users\Juan Pablo Mesa\gameJam-2021\gameJAM-2021\JAM 2021\Library\ScriptAssemblies\Unity.2D.Path.Editor.dll
Symbol file LoadedFromMemory is not a mono symbol file
Symbol file data-00000262F4621400 doesn't match image C:\Users\Juan Pablo Mesa\gameJam-2021\gameJAM-2021\JAM 2021\Library\ScriptAssemblies\Unity.InternalAPIEditorBridge.001.dll
Symbol file LoadedFromMemory is not a mono symbol file
Symbol file data-00000262F6072420 doesn't match image C:\Users\Juan Pablo Mesa\gameJam-2021\gameJAM-2021\JAM 2021\Library\ScriptAssemblies\UnityEditor.UI.dll
Symbol file LoadedFromMemory is not a mono symbol file
Symbol file data-00000262F4394050 doesn't match image C:\Users\Juan Pablo Mesa\gameJam-2021\gameJAM-2021\JAM 2021\Library\ScriptAssemblies\Unity.Rider.Editor.dll
Symbol file LoadedFromMemory is not a mono symbol file
Symbol file data-00000262F3E39030 doesn't match image C:\Users\Juan Pablo Mesa\gameJam-2021\gameJAM-2021\JAM 2021\Library\ScriptAssemblies\UnityEngine.UI.dll
Symbol file LoadedFromMemory is not a mono symbol file
Symbol file data-00000262F0139F50 doesn't match image C:\Users\Juan Pablo Mesa\gameJam-2021\gameJAM-2021\JAM 2021\Library\ScriptAssemblies\Unity.Timeline.Editor.dll
Symbol file LoadedFromMemory is not a mono symbol file
Native extension for WindowsStandalone target not found
Refreshing native plugins compatible for Editor in 4.83 ms, found 1 plugins.
Preloading 0 native plugins for Editor in 0.00 ms.
Invoked RoslynAnalysisRunner static constructor.
RoslynAnalysisRunner will not be running.
RoslynAnalysisRunner has terminated.
Mono: successfully reloaded assembly
- Completed reload, in  3.928 seconds
Platform modules already initialized, skipping
Refreshing native plugins compatible for Editor in 1.95 ms, found 1 plugins.
Preloading 0 native plugins for Editor in 0.00 ms.
Unloading 1795 Unused Serialized files (Serialized files now loaded: 0)
System memory in use before: 87.9 MB.
System memory in use after: 87.9 MB.

Unloading 12 unused Assets to reduce memory usage. Loaded Objects now: 2254.
Total: 14.818400 ms (FindLiveObjects: 0.769800 ms CreateObjectMapping: 0.134800 ms MarkObjects: 13.264300 ms  DeleteObjects: 0.644400 ms)

========================================================================
Received Prepare
Registering precompiled user dll's ...
Registered in 0.002961 seconds.
Begin MonoManager ReloadAssembly
Symbol file data-00000262F41170B0 doesn't match image C:\Users\Juan Pablo Mesa\gameJam-2021\gameJAM-2021\JAM 2021\Library\ScriptAssemblies\Unity.InternalAPIEngineBridge.001.dll
Symbol file LoadedFromMemory is not a mono symbol file
Symbol file data-00000262F5CF5BD0 doesn't match image C:\Users\Juan Pablo Mesa\gameJam-2021\gameJAM-2021\JAM 2021\Library\ScriptAssemblies\Unity.VSCode.Editor.dll
Symbol file LoadedFromMemory is not a mono symbol file
Symbol file data-00000262F4121E70 doesn't match image C:\Users\Juan Pablo Mesa\gameJam-2021\gameJAM-2021\JAM 2021\Library\ScriptAssemblies\Unity.2D.PixelPerfect.dll
Symbol file LoadedFromMemory is not a mono symbol file
Symbol file data-00000262EFFD6BD0 doesn't match image C:\Users\Juan Pablo Mesa\gameJam-2021\gameJAM-2021\JAM 2021\Library\ScriptAssemblies\Unity.2D.Tilemap.Editor.dll
Symbol file LoadedFromMemory is not a mono symbol file
Symbol file data-00000262EFFD6BD0 doesn't match image C:\Users\Juan Pablo Mesa\gameJam-2021\gameJAM-2021\JAM 2021\Library\ScriptAssemblies\PsdPlugin.dll
Symbol file LoadedFromMemory is not a mono symbol file
Symbol file data-00000262F5E85640 doesn't match image C:\Users\Juan Pablo Mesa\gameJam-2021\gameJAM-2021\JAM 2021\Library\ScriptAssemblies\Unity.VisualStudio.Editor.dll
Symbol file LoadedFromMemory is not a mono symbol file
Symbol file data-00000262F40905A0 doesn't match image C:\Users\Juan Pablo Mesa\gameJam-2021\gameJAM-2021\JAM 2021\Library\ScriptAssemblies\UnityEngine.TestRunner.dll
Symbol file LoadedFromMemory is not a mono symbol file
Symbol file data-00000262F40905A0 doesn't match image C:\Users\Juan Pablo Mesa\gameJam-2021\gameJAM-2021\JAM 2021\Library\ScriptAssemblies\Unity.Timeline.dll
Symbol file LoadedFromMemory is not a mono symbol file
Symbol file data-00000262F40905A0 doesn't match image C:\Users\Juan Pablo Mesa\gameJam-2021\gameJAM-2021\JAM 2021\Library\ScriptAssemblies\UnityEditor.TestRunner.dll
Symbol file LoadedFromMemory is not a mono symbol file
Symbol file data-00000262F40905A0 doesn't match image C:\Users\Juan Pablo Mesa\gameJam-2021\gameJAM-2021\JAM 2021\Library\ScriptAssemblies\Unity.2D.Sprite.Editor.dll
Symbol file LoadedFromMemory is not a mono symbol file
Symbol file data-00000262F40CA030 doesn't match image C:\Users\Juan Pablo Mesa\gameJam-2021\gameJAM-2021\JAM 2021\Library\ScriptAssemblies\Unity.2D.Path.Editor.dll
Symbol file LoadedFromMemory is not a mono symbol file
Symbol file data-00000262F0030C20 doesn't match image C:\Users\Juan Pablo Mesa\gameJam-2021\gameJAM-2021\JAM 2021\Library\ScriptAssemblies\Unity.InternalAPIEditorBridge.001.dll
Symbol file LoadedFromMemory is not a mono symbol file
Symbol file data-00000262F40CA030 doesn't match image C:\Users\Juan Pablo Mesa\gameJam-2021\gameJAM-2021\JAM 2021\Library\ScriptAssemblies\UnityEditor.UI.dll
Symbol file LoadedFromMemory is not a mono symbol file
Symbol file data-00000262F5E2D030 doesn't match image C:\Users\Juan Pablo Mesa\gameJam-2021\gameJAM-2021\JAM 2021\Library\ScriptAssemblies\Unity.Rider.Editor.dll
Symbol file LoadedFromMemory is not a mono symbol file
Symbol file data-00000262F6D28020 doesn't match image C:\Users\Juan Pablo Mesa\gameJam-2021\gameJAM-2021\JAM 2021\Library\ScriptAssemblies\UnityEngine.UI.dll
Symbol file LoadedFromMemory is not a mono symbol file
Symbol file data-00000262F0139F50 doesn't match image C:\Users\Juan Pablo Mesa\gameJam-2021\gameJAM-2021\JAM 2021\Library\ScriptAssemblies\Unity.Timeline.Editor.dll
Symbol file LoadedFromMemory is not a mono symbol file
Native extension for WindowsStandalone target not found
Refreshing native plugins compatible for Editor in 1.42 ms, found 1 plugins.
Preloading 0 native plugins for Editor in 0.00 ms.
Invoked RoslynAnalysisRunner static constructor.
RoslynAnalysisRunner will not be running.
RoslynAnalysisRunner has terminated.
Mono: successfully reloaded assembly
- Completed reload, in  2.472 seconds
Platform modules already initialized, skipping
Refreshing native plugins compatible for Editor in 1.15 ms, found 1 plugins.
Preloading 0 native plugins for Editor in 0.00 ms.
Unloading 1795 Unused Serialized files (Serialized files now loaded: 0)
System memory in use before: 88.1 MB.
System memory in use after: 88.1 MB.

Unloading 12 unused Assets to reduce memory usage. Loaded Objects now: 2257.
Total: 4.925800 ms (FindLiveObjects: 0.531200 ms CreateObjectMapping: 0.116500 ms MarkObjects: 3.941900 ms  DeleteObjects: 0.332000 ms)

AssetImportWorkerClient::OnTransportError - code=2 error=End of file
