Using pre-set license
Built from '2020.2/release' branch; Version is '2020.2.2f1 (068178b99f32) revision 426360'; Using compiler version '192528614'; Build Type 'Release'
OS: 'Windows 10 Home Single Language; OS build 19041.746; Version 2004; 64bit' Language: 'es' Physical Memory: 8081 MB
BatchMode: 1, IsHumanControllingUs: 0, StartBugReporterOnCrash: 0, Is64bit: 1, IsPro: 0

 COMMAND LINE ARGUMENTS:
C:\Users\david\Desktop\Unity\2020.2.2f1\Editor\Unity.exe
-adb2
-batchMode
-noUpm
-name
AssetImportWorker0
-projectPath
C:/Users/david/OneDrive/Documents/GitHub/gameJAM-2021/JAM 2021
-logFile
Logs/AssetImportWorker0.log
-srvPort
55203
Successfully changed project path to: C:/Users/david/OneDrive/Documents/GitHub/gameJAM-2021/JAM 2021
C:/Users/david/OneDrive/Documents/GitHub/gameJAM-2021/JAM 2021
Using Asset Import Pipeline V2.
Refreshing native plugins compatible for Editor in 53.89 ms, found 1 plugins.
Preloading 0 native plugins for Editor in 0.00 ms.
Initialize engine version: 2020.2.2f1 (068178b99f32)
[Subsystems] Discovering subsystems at path C:/Users/david/Desktop/Unity/2020.2.2f1/Editor/Data/Resources/UnitySubsystems
[Subsystems] Discovering subsystems at path C:/Users/david/OneDrive/Documents/GitHub/gameJAM-2021/JAM 2021/Assets
GfxDevice: creating device client; threaded=0
Direct3D:
    Version:  Direct3D 11.0 [level 11.1]
    Renderer: Intel(R) HD Graphics 520 (ID=0x1916)
    Vendor:   
    VRAM:     4040 MB
    Driver:   21.20.16.4542
Initialize mono
Mono path[0] = 'C:/Users/david/Desktop/Unity/2020.2.2f1/Editor/Data/Managed'
Mono path[1] = 'C:/Users/david/Desktop/Unity/2020.2.2f1/Editor/Data/MonoBleedingEdge/lib/mono/unityjit'
Mono config path = 'C:/Users/david/Desktop/Unity/2020.2.2f1/Editor/Data/MonoBleedingEdge/etc'
Using monoOptions --debugger-agent=transport=dt_socket,embedding=1,server=y,suspend=n,address=127.0.0.1:56256
Begin MonoManager ReloadAssembly
Registering precompiled unity dll's ...
Register platform support module: C:/Users/david/Desktop/Unity/2020.2.2f1/Editor/Data/PlaybackEngines/WindowsStandaloneSupport/UnityEditor.WindowsStandalone.Extensions.dll
Registered in 0.003832 seconds.
Native extension for WindowsStandalone target not found
Refreshing native plugins compatible for Editor in 49.07 ms, found 1 plugins.
Preloading 0 native plugins for Editor in 0.00 ms.
Invoked RoslynAnalysisRunner static constructor.
RoslynAnalysisRunner will not be running.
RoslynAnalysisRunner has terminated.
Mono: successfully reloaded assembly
- Completed reload, in  1.700 seconds
Platform modules already initialized, skipping
Registering precompiled user dll's ...
Registered in 0.001820 seconds.
Begin MonoManager ReloadAssembly
Native extension for WindowsStandalone target not found
Refreshing native plugins compatible for Editor in 52.23 ms, found 1 plugins.
Preloading 0 native plugins for Editor in 0.00 ms.
Invoked RoslynAnalysisRunner static constructor.
RoslynAnalysisRunner will not be running.
RoslynAnalysisRunner has terminated.
Mono: successfully reloaded assembly
- Completed reload, in  1.458 seconds
Platform modules already initialized, skipping
========================================================================
Worker process is ready to serve import requests
Launched and connected shader compiler UnityShaderCompiler.exe after 0.09 seconds
Refreshing native plugins compatible for Editor in 0.74 ms, found 1 plugins.
Preloading 0 native plugins for Editor in 0.00 ms.
Unloading 1797 Unused Serialized files (Serialized files now loaded: 0)
System memory in use before: 84.6 MB.
System memory in use after: 84.6 MB.

Unloading 24 unused Assets to reduce memory usage. Loaded Objects now: 2240.
Total: 4.165800 ms (FindLiveObjects: 0.613300 ms CreateObjectMapping: 0.228500 ms MarkObjects: 3.102700 ms  DeleteObjects: 0.218800 ms)

========================================================================
Received Import Request.
  path: Assets/Images/Cavernícola_cara.png
  artifactKey: Guid(9cee99b92cb058a4c8e324b6b376309d) Importer(815301076,1909f56bfc062723c751e8b465ee728b)
Start importing Assets/Images/Cavernícola_cara.png using Guid(9cee99b92cb058a4c8e324b6b376309d) Importer(815301076,1909f56bfc062723c751e8b465ee728b)  -> (artifact id: 'b829c340542cf7878b97d7097beee369') in 0.583656 seconds
  Import took 0.588581 seconds .

========================================================================
Received Import Request.
  Time since last request: 0.000471 seconds.
  path: Assets/Images/Créditos.PNG
  artifactKey: Guid(e95f1c455b476014eb19af1328c4c588) Importer(815301076,1909f56bfc062723c751e8b465ee728b)
Start importing Assets/Images/Créditos.PNG using Guid(e95f1c455b476014eb19af1328c4c588) Importer(815301076,1909f56bfc062723c751e8b465ee728b)  -> (artifact id: '1c26382cba75cf57f65594e620d9d8fd') in 0.037875 seconds
  Import took 0.041938 seconds .

========================================================================
Received Import Request.
  Time since last request: 0.000447 seconds.
  path: Assets/Images/Atras_gris_neutral.PNG
  artifactKey: Guid(3a53bf3537712c945b44145e27bdbb04) Importer(815301076,1909f56bfc062723c751e8b465ee728b)
Start importing Assets/Images/Atras_gris_neutral.PNG using Guid(3a53bf3537712c945b44145e27bdbb04) Importer(815301076,1909f56bfc062723c751e8b465ee728b)  -> (artifact id: '06ce35a25899835be48f707e7fd85249') in 0.028841 seconds
  Import took 0.032805 seconds .

========================================================================
Received Import Request.
  Time since last request: 0.000376 seconds.
  path: Assets/Images/Fantasma cara.png
  artifactKey: Guid(8f4bdb6c0fc53724fa8529a7f6f34c6d) Importer(815301076,1909f56bfc062723c751e8b465ee728b)
Start importing Assets/Images/Fantasma cara.png using Guid(8f4bdb6c0fc53724fa8529a7f6f34c6d) Importer(815301076,1909f56bfc062723c751e8b465ee728b)  -> (artifact id: '1c6588f5832a3355c21fd968f2ba17ee') in 0.040650 seconds
  Import took 0.046092 seconds .

========================================================================
Received Import Request.
  Time since last request: 0.000309 seconds.
  path: Assets/Images/Referencia disposición .PNG
  artifactKey: Guid(268e95d925194704abd0cab95ee006a0) Importer(815301076,1909f56bfc062723c751e8b465ee728b)
Start importing Assets/Images/Referencia disposición .PNG using Guid(268e95d925194704abd0cab95ee006a0) Importer(815301076,1909f56bfc062723c751e8b465ee728b)  -> (artifact id: 'df21c6b0299145c25d860df73b6b4941') in 0.042599 seconds
  Import took 0.050974 seconds .

========================================================================
Received Import Request.
  Time since last request: 0.000114 seconds.
  path: Assets/Images/Atras_rosa_seleccion.PNG
  artifactKey: Guid(35a08a34375990049a11a2ba80e77d35) Importer(815301076,1909f56bfc062723c751e8b465ee728b)
Start importing Assets/Images/Atras_rosa_seleccion.PNG using Guid(35a08a34375990049a11a2ba80e77d35) Importer(815301076,1909f56bfc062723c751e8b465ee728b)  -> (artifact id: '1f49b188a30ae5cb4064c1b164c479b5') in 0.038072 seconds
  Import took 0.045098 seconds .

========================================================================
Received Import Request.
  Time since last request: 0.000320 seconds.
  path: Assets/Images/Fondo_inicio.PNG
  artifactKey: Guid(4abfde7ab6573524fa56c153e498971f) Importer(815301076,1909f56bfc062723c751e8b465ee728b)
Start importing Assets/Images/Fondo_inicio.PNG using Guid(4abfde7ab6573524fa56c153e498971f) Importer(815301076,1909f56bfc062723c751e8b465ee728b)  -> (artifact id: '9de890be3ec353bb470679640c0ba850') in 0.037463 seconds
  Import took 0.041666 seconds .

========================================================================
Received Import Request.
  Time since last request: 0.000246 seconds.
  path: Assets/Images/Comenzar_rosa_seleccion.PNG
  artifactKey: Guid(37dfab25e42781a459e4f790a84728b2) Importer(815301076,1909f56bfc062723c751e8b465ee728b)
Start importing Assets/Images/Comenzar_rosa_seleccion.PNG using Guid(37dfab25e42781a459e4f790a84728b2) Importer(815301076,1909f56bfc062723c751e8b465ee728b)  -> (artifact id: 'f13445fa1e06edf7ada34d5878552a35') in 0.028943 seconds
  Import took 0.032553 seconds .

========================================================================
Received Import Request.
  Time since last request: 0.000253 seconds.
  path: Assets/Images/I.D_inicio.PNG
  artifactKey: Guid(36fb1fa8f8266a844957e5300929e478) Importer(815301076,1909f56bfc062723c751e8b465ee728b)
Start importing Assets/Images/I.D_inicio.PNG using Guid(36fb1fa8f8266a844957e5300929e478) Importer(815301076,1909f56bfc062723c751e8b465ee728b)  -> (artifact id: '7e1c4ecb9064247d3c689406d063bce0') in 0.036142 seconds
  Import took 0.039626 seconds .

========================================================================
Received Import Request.
  Time since last request: 0.000306 seconds.
  path: Assets/Images/Comenzar_amarillo_neutral.PNG
  artifactKey: Guid(cb0833de596da8a45a16c3e34f6f5092) Importer(815301076,1909f56bfc062723c751e8b465ee728b)
Start importing Assets/Images/Comenzar_amarillo_neutral.PNG using Guid(cb0833de596da8a45a16c3e34f6f5092) Importer(815301076,1909f56bfc062723c751e8b465ee728b)  -> (artifact id: 'be0523d4f5c31741d74b60082e7effb4') in 0.031758 seconds
  Import took 0.035516 seconds .

========================================================================
Received Import Request.
  Time since last request: 0.000281 seconds.
  path: Assets/Images/Menu_gris_neutral.PNG
  artifactKey: Guid(d4f6c690ea1f2f444b0a6e00120c196a) Importer(815301076,1909f56bfc062723c751e8b465ee728b)
Start importing Assets/Images/Menu_gris_neutral.PNG using Guid(d4f6c690ea1f2f444b0a6e00120c196a) Importer(815301076,1909f56bfc062723c751e8b465ee728b)  -> (artifact id: 'ad6676611b3fb9af46e1f01276181df5') in 0.040843 seconds
  Import took 0.047900 seconds .

========================================================================
Received Import Request.
  Time since last request: 0.000382 seconds.
  path: Assets/Images/Gangster_cara.png
  artifactKey: Guid(b23be2bfba4f05b459539c8941e8340e) Importer(815301076,1909f56bfc062723c751e8b465ee728b)
Start importing Assets/Images/Gangster_cara.png using Guid(b23be2bfba4f05b459539c8941e8340e) Importer(815301076,1909f56bfc062723c751e8b465ee728b)  -> (artifact id: 'be26661c69d80bd31ebe2f494b2de363') in 0.039995 seconds
  Import took 0.045901 seconds .

========================================================================
Received Import Request.
  Time since last request: 0.000281 seconds.
  path: Assets/Images/Menu_rosa_seleccionado.PNG
  artifactKey: Guid(c1d719af903b76f45bb19322fefa402b) Importer(815301076,1909f56bfc062723c751e8b465ee728b)
Start importing Assets/Images/Menu_rosa_seleccionado.PNG using Guid(c1d719af903b76f45bb19322fefa402b) Importer(815301076,1909f56bfc062723c751e8b465ee728b)  -> (artifact id: '6c10e22c87b44b3f22dc6908b60a7130') in 0.027009 seconds
  Import took 0.032341 seconds .

========================================================================
Received Import Request.
  Time since last request: 7.060208 seconds.
  path: Assets/Images/Assets inicio_
  artifactKey: Guid(bf83ffbec69aefc4db71ac08bf2872e0) Importer(815301076,1909f56bfc062723c751e8b465ee728b)
Start importing Assets/Images/Assets inicio_ using Guid(bf83ffbec69aefc4db71ac08bf2872e0) Importer(815301076,1909f56bfc062723c751e8b465ee728b)  -> (artifact id: 'dbd2733ce7593ba3e2e1e8804e4972ab') in 0.016947 seconds
  Import took 0.021280 seconds .

========================================================================
Received Prepare
Registering precompiled user dll's ...
Registered in 0.001827 seconds.
Begin MonoManager ReloadAssembly
Native extension for WindowsStandalone target not found
Refreshing native plugins compatible for Editor in 0.94 ms, found 1 plugins.
Preloading 0 native plugins for Editor in 0.00 ms.
Invoked RoslynAnalysisRunner static constructor.
RoslynAnalysisRunner will not be running.
RoslynAnalysisRunner has terminated.
Mono: successfully reloaded assembly
- Completed reload, in  1.430 seconds
Platform modules already initialized, skipping
Refreshing native plugins compatible for Editor in 0.73 ms, found 1 plugins.
Preloading 0 native plugins for Editor in 0.00 ms.
Unloading 1792 Unused Serialized files (Serialized files now loaded: 0)
System memory in use before: 87.7 MB.
System memory in use after: 87.7 MB.

Unloading 12 unused Assets to reduce memory usage. Loaded Objects now: 2263.
Total: 2.616600 ms (FindLiveObjects: 0.326400 ms CreateObjectMapping: 0.151000 ms MarkObjects: 1.954400 ms  DeleteObjects: 0.182800 ms)

========================================================================
Received Prepare
Registering precompiled user dll's ...
Registered in 0.001766 seconds.
Begin MonoManager ReloadAssembly
Native extension for WindowsStandalone target not found
Refreshing native plugins compatible for Editor in 0.41 ms, found 1 plugins.
Preloading 0 native plugins for Editor in 0.00 ms.
Invoked RoslynAnalysisRunner static constructor.
RoslynAnalysisRunner will not be running.
RoslynAnalysisRunner has terminated.
Mono: successfully reloaded assembly
- Completed reload, in  1.171 seconds
Platform modules already initialized, skipping
Refreshing native plugins compatible for Editor in 0.66 ms, found 1 plugins.
Preloading 0 native plugins for Editor in 0.00 ms.
Unloading 1792 Unused Serialized files (Serialized files now loaded: 0)
System memory in use before: 87.9 MB.
System memory in use after: 87.9 MB.

Unloading 12 unused Assets to reduce memory usage. Loaded Objects now: 2266.
Total: 2.858200 ms (FindLiveObjects: 0.192000 ms CreateObjectMapping: 0.063900 ms MarkObjects: 2.436200 ms  DeleteObjects: 0.147200 ms)

========================================================================
Received Import Request.
  Time since last request: 203.148338 seconds.
  path: Assets/Prefabs/Canvas.prefab
  artifactKey: Guid(b85e6ae02d085984da3ac4b1a07536dd) Importer(815301076,1909f56bfc062723c751e8b465ee728b)
Start importing Assets/Prefabs/Canvas.prefab using Guid(b85e6ae02d085984da3ac4b1a07536dd) Importer(815301076,1909f56bfc062723c751e8b465ee728b)  -> (artifact id: '95536d8e761feba8ee78b0052d66661c') in 0.094217 seconds
  Import took 0.100528 seconds .

========================================================================
Received Import Request.
  Time since last request: 16.570514 seconds.
  path: Assets/Scenes/IntroductionScene.unity
  artifactKey: Guid(2cda990e2423bbf4892e6590ba056729) Importer(815301076,1909f56bfc062723c751e8b465ee728b)
Start importing Assets/Scenes/IntroductionScene.unity using Guid(2cda990e2423bbf4892e6590ba056729) Importer(815301076,1909f56bfc062723c751e8b465ee728b)  -> (artifact id: '24da0a4ed891384be702fb719cfac2df') in 0.018080 seconds
  Import took 0.022839 seconds .

========================================================================
Received Prepare
Registering precompiled user dll's ...
Registered in 0.001749 seconds.
Begin MonoManager ReloadAssembly
Native extension for WindowsStandalone target not found
Refreshing native plugins compatible for Editor in 0.43 ms, found 1 plugins.
Preloading 0 native plugins for Editor in 0.00 ms.
Invoked RoslynAnalysisRunner static constructor.
RoslynAnalysisRunner will not be running.
RoslynAnalysisRunner has terminated.
Mono: successfully reloaded assembly
- Completed reload, in  1.223 seconds
Platform modules already initialized, skipping
Refreshing native plugins compatible for Editor in 1.06 ms, found 1 plugins.
Preloading 0 native plugins for Editor in 0.00 ms.
Unloading 1792 Unused Serialized files (Serialized files now loaded: 0)
System memory in use before: 88.1 MB.
System memory in use after: 88.1 MB.

Unloading 14 unused Assets to reduce memory usage. Loaded Objects now: 2271.
Total: 8.844900 ms (FindLiveObjects: 0.324200 ms CreateObjectMapping: 0.143200 ms MarkObjects: 8.191900 ms  DeleteObjects: 0.183500 ms)

========================================================================
Received Import Request.
  Time since last request: 109.474449 seconds.
  path: Assets/Images/Cavernícola_cara.png
  artifactKey: Guid(9cee99b92cb058a4c8e324b6b376309d) Importer(815301076,1909f56bfc062723c751e8b465ee728b)
Start importing Assets/Images/Cavernícola_cara.png using Guid(9cee99b92cb058a4c8e324b6b376309d) Importer(815301076,1909f56bfc062723c751e8b465ee728b)  -> (artifact id: 'b468615026f33eb8460be1465f54178b') in 0.096338 seconds
  Import took 0.102132 seconds .

========================================================================
Received Import Request.
  Time since last request: 24.120600 seconds.
  path: Assets/Images/Cavernícola_cara.png
  artifactKey: Guid(9cee99b92cb058a4c8e324b6b376309d) Importer(815301076,1909f56bfc062723c751e8b465ee728b)
Start importing Assets/Images/Cavernícola_cara.png using Guid(9cee99b92cb058a4c8e324b6b376309d) Importer(815301076,1909f56bfc062723c751e8b465ee728b)  -> (artifact id: '15f714584e8df7e4e923ddbce953eedf') in 0.073445 seconds
  Import took 0.080098 seconds .

========================================================================
Received Import Request.
  Time since last request: 4.695074 seconds.
  path: Assets/Scripts/CanvaslSizeAdapter.cs
  artifactKey: Guid(a59902e72981a964d8de81a48e93a041) Importer(815301076,1909f56bfc062723c751e8b465ee728b)
Start importing Assets/Scripts/CanvaslSizeAdapter.cs using Guid(a59902e72981a964d8de81a48e93a041) Importer(815301076,1909f56bfc062723c751e8b465ee728b)  -> (artifact id: '8e55e55ad19f473c422de7d9f0e0828d') in 0.081238 seconds
  Import took 0.085630 seconds .

========================================================================
Received Import Request.
  Time since last request: 8.518764 seconds.
  path: Assets/Scripts/CanvaslSizeAdapter.cs
  artifactKey: Guid(a59902e72981a964d8de81a48e93a041) Importer(815301076,1909f56bfc062723c751e8b465ee728b)
Start importing Assets/Scripts/CanvaslSizeAdapter.cs using Guid(a59902e72981a964d8de81a48e93a041) Importer(815301076,1909f56bfc062723c751e8b465ee728b)  -> (artifact id: '8e55e55ad19f473c422de7d9f0e0828d') in 0.010566 seconds
  Import took 0.018017 seconds .

========================================================================
Received Import Request.
  Time since last request: 161.648947 seconds.
  path: Assets/Scripts/Scene1Controller.cs
  artifactKey: Guid(665d5717b87991a4a802a7de75732751) Importer(815301076,1909f56bfc062723c751e8b465ee728b)
Start importing Assets/Scripts/Scene1Controller.cs using Guid(665d5717b87991a4a802a7de75732751) Importer(815301076,1909f56bfc062723c751e8b465ee728b)  -> (artifact id: '6fce0aaf8329610070b8ce1a29071713') in 0.020909 seconds
  Import took 0.341164 seconds .

========================================================================
Received Prepare
Registering precompiled user dll's ...
Registered in 0.002193 seconds.
Begin MonoManager ReloadAssembly
Native extension for WindowsStandalone target not found
Refreshing native plugins compatible for Editor in 0.69 ms, found 1 plugins.
Preloading 0 native plugins for Editor in 0.00 ms.
Invoked RoslynAnalysisRunner static constructor.
RoslynAnalysisRunner will not be running.
RoslynAnalysisRunner has terminated.
Mono: successfully reloaded assembly
- Completed reload, in  1.958 seconds
Platform modules already initialized, skipping
Refreshing native plugins compatible for Editor in 0.66 ms, found 1 plugins.
Preloading 0 native plugins for Editor in 0.00 ms.
Unloading 1792 Unused Serialized files (Serialized files now loaded: 0)
System memory in use before: 88.2 MB.
System memory in use after: 88.2 MB.

Unloading 12 unused Assets to reduce memory usage. Loaded Objects now: 2275.
Total: 5.580200 ms (FindLiveObjects: 1.002400 ms CreateObjectMapping: 0.261100 ms MarkObjects: 4.069500 ms  DeleteObjects: 0.233100 ms)

========================================================================
Received Import Request.
  Time since last request: 30.411521 seconds.
  path: Assets/Scripts/Scene1Controller.cs
  artifactKey: Guid(665d5717b87991a4a802a7de75732751) Importer(815301076,1909f56bfc062723c751e8b465ee728b)
Start importing Assets/Scripts/Scene1Controller.cs using Guid(665d5717b87991a4a802a7de75732751) Importer(815301076,1909f56bfc062723c751e8b465ee728b)  -> (artifact id: '82c4655c4dcc54356ba5a31d30520985') in 0.019593 seconds
  Import took 0.029411 seconds .

========================================================================
Received Import Request.
  Time since last request: 6.935062 seconds.
  path: Assets/Fonts/Retro Gaming.ttf
  artifactKey: Guid(6aabebd486f911540b943ddb4a5d9e80) Importer(815301076,1909f56bfc062723c751e8b465ee728b)
Start importing Assets/Fonts/Retro Gaming.ttf using Guid(6aabebd486f911540b943ddb4a5d9e80) Importer(815301076,1909f56bfc062723c751e8b465ee728b)  -> (artifact id: 'dc116e19c4252ec712a9713dca863bad') in 0.648754 seconds
  Import took 0.656693 seconds .

========================================================================
Received Prepare
Registering precompiled user dll's ...
Registered in 0.002065 seconds.
Begin MonoManager ReloadAssembly
Native extension for WindowsStandalone target not found
Refreshing native plugins compatible for Editor in 0.65 ms, found 1 plugins.
Preloading 0 native plugins for Editor in 0.00 ms.
Invoked RoslynAnalysisRunner static constructor.
RoslynAnalysisRunner will not be running.
RoslynAnalysisRunner has terminated.
Mono: successfully reloaded assembly
- Completed reload, in  1.555 seconds
Platform modules already initialized, skipping
Refreshing native plugins compatible for Editor in 0.69 ms, found 1 plugins.
Preloading 0 native plugins for Editor in 0.00 ms.
Unloading 1792 Unused Serialized files (Serialized files now loaded: 0)
System memory in use before: 88.7 MB.
System memory in use after: 88.7 MB.

Unloading 12 unused Assets to reduce memory usage. Loaded Objects now: 2320.
Total: 5.747700 ms (FindLiveObjects: 1.422800 ms CreateObjectMapping: 0.517000 ms MarkObjects: 3.616200 ms  DeleteObjects: 0.188700 ms)

========================================================================
Received Prepare
Registering precompiled user dll's ...
Registered in 0.002567 seconds.
Begin MonoManager ReloadAssembly
Native extension for WindowsStandalone target not found
Refreshing native plugins compatible for Editor in 0.43 ms, found 1 plugins.
Preloading 0 native plugins for Editor in 0.00 ms.
Invoked RoslynAnalysisRunner static constructor.
RoslynAnalysisRunner will not be running.
RoslynAnalysisRunner has terminated.
Mono: successfully reloaded assembly
- Completed reload, in  1.548 seconds
Platform modules already initialized, skipping
Refreshing native plugins compatible for Editor in 0.80 ms, found 1 plugins.
Preloading 0 native plugins for Editor in 0.00 ms.
Unloading 1792 Unused Serialized files (Serialized files now loaded: 0)
System memory in use before: 88.8 MB.
System memory in use after: 88.8 MB.

Unloading 12 unused Assets to reduce memory usage. Loaded Objects now: 2323.
Total: 45.980000 ms (FindLiveObjects: 40.864300 ms CreateObjectMapping: 0.203800 ms MarkObjects: 4.672100 ms  DeleteObjects: 0.235400 ms)

========================================================================
Received Prepare
Registering precompiled user dll's ...
Registered in 0.002011 seconds.
Begin MonoManager ReloadAssembly
Native extension for WindowsStandalone target not found
Refreshing native plugins compatible for Editor in 0.39 ms, found 1 plugins.
Preloading 0 native plugins for Editor in 0.00 ms.
Invoked RoslynAnalysisRunner static constructor.
RoslynAnalysisRunner will not be running.
RoslynAnalysisRunner has terminated.
Mono: successfully reloaded assembly
- Completed reload, in  1.596 seconds
Platform modules already initialized, skipping
Refreshing native plugins compatible for Editor in 0.66 ms, found 1 plugins.
Preloading 0 native plugins for Editor in 0.00 ms.
Unloading 1792 Unused Serialized files (Serialized files now loaded: 0)
System memory in use before: 88.9 MB.
System memory in use after: 88.9 MB.

Unloading 12 unused Assets to reduce memory usage. Loaded Objects now: 2326.
Total: 29.251500 ms (FindLiveObjects: 0.525100 ms CreateObjectMapping: 0.329900 ms MarkObjects: 28.161000 ms  DeleteObjects: 0.232600 ms)

========================================================================
Received Prepare
Registering precompiled user dll's ...
Registered in 0.007072 seconds.
Begin MonoManager ReloadAssembly
Native extension for WindowsStandalone target not found
Refreshing native plugins compatible for Editor in 0.67 ms, found 1 plugins.
Preloading 0 native plugins for Editor in 0.00 ms.
Invoked RoslynAnalysisRunner static constructor.
RoslynAnalysisRunner will not be running.
RoslynAnalysisRunner has terminated.
Mono: successfully reloaded assembly
- Completed reload, in  1.277 seconds
Platform modules already initialized, skipping
Refreshing native plugins compatible for Editor in 0.72 ms, found 1 plugins.
Preloading 0 native plugins for Editor in 0.00 ms.
Unloading 1792 Unused Serialized files (Serialized files now loaded: 0)
System memory in use before: 89.0 MB.
System memory in use after: 89.0 MB.

Unloading 12 unused Assets to reduce memory usage. Loaded Objects now: 2329.
Total: 5.460700 ms (FindLiveObjects: 0.702300 ms CreateObjectMapping: 1.325300 ms MarkObjects: 3.243300 ms  DeleteObjects: 0.187800 ms)

========================================================================
Received Prepare
Registering precompiled user dll's ...
Registered in 0.002387 seconds.
Begin MonoManager ReloadAssembly
Native extension for WindowsStandalone target not found
Refreshing native plugins compatible for Editor in 0.49 ms, found 1 plugins.
Preloading 0 native plugins for Editor in 0.00 ms.
Invoked RoslynAnalysisRunner static constructor.
RoslynAnalysisRunner will not be running.
RoslynAnalysisRunner has terminated.
Mono: successfully reloaded assembly
- Completed reload, in  1.350 seconds
Platform modules already initialized, skipping
Refreshing native plugins compatible for Editor in 0.76 ms, found 1 plugins.
Preloading 0 native plugins for Editor in 0.00 ms.
Unloading 1792 Unused Serialized files (Serialized files now loaded: 0)
System memory in use before: 89.1 MB.
System memory in use after: 89.1 MB.

Unloading 12 unused Assets to reduce memory usage. Loaded Objects now: 2332.
Total: 8.678700 ms (FindLiveObjects: 0.684000 ms CreateObjectMapping: 1.004100 ms MarkObjects: 6.787300 ms  DeleteObjects: 0.201000 ms)

========================================================================
Received Prepare
Registering precompiled user dll's ...
Registered in 0.004889 seconds.
Begin MonoManager ReloadAssembly
Native extension for WindowsStandalone target not found
Refreshing native plugins compatible for Editor in 0.44 ms, found 1 plugins.
Preloading 0 native plugins for Editor in 0.00 ms.
Invoked RoslynAnalysisRunner static constructor.
RoslynAnalysisRunner will not be running.
RoslynAnalysisRunner has terminated.
Mono: successfully reloaded assembly
- Completed reload, in  4.754 seconds
Platform modules already initialized, skipping
Refreshing native plugins compatible for Editor in 0.68 ms, found 1 plugins.
Preloading 0 native plugins for Editor in 0.00 ms.
Unloading 1792 Unused Serialized files (Serialized files now loaded: 0)
System memory in use before: 89.2 MB.
System memory in use after: 89.2 MB.

Unloading 12 unused Assets to reduce memory usage. Loaded Objects now: 2335.
Total: 5.927200 ms (FindLiveObjects: 0.578500 ms CreateObjectMapping: 0.225100 ms MarkObjects: 4.806100 ms  DeleteObjects: 0.314000 ms)

========================================================================
Received Prepare
Registering precompiled user dll's ...
Registered in 0.001993 seconds.
Begin MonoManager ReloadAssembly
Native extension for WindowsStandalone target not found
Refreshing native plugins compatible for Editor in 0.42 ms, found 1 plugins.
Preloading 0 native plugins for Editor in 0.00 ms.
Invoked RoslynAnalysisRunner static constructor.
RoslynAnalysisRunner will not be running.
RoslynAnalysisRunner has terminated.
Mono: successfully reloaded assembly
- Completed reload, in  1.918 seconds
Platform modules already initialized, skipping
Refreshing native plugins compatible for Editor in 55.56 ms, found 1 plugins.
Preloading 0 native plugins for Editor in 0.00 ms.
Unloading 1792 Unused Serialized files (Serialized files now loaded: 0)
System memory in use before: 89.3 MB.
System memory in use after: 89.3 MB.

Unloading 12 unused Assets to reduce memory usage. Loaded Objects now: 2338.
Total: 5.426000 ms (FindLiveObjects: 1.964900 ms CreateObjectMapping: 0.172600 ms MarkObjects: 3.102100 ms  DeleteObjects: 0.184500 ms)

========================================================================
Received Prepare
Registering precompiled user dll's ...
Registered in 0.001795 seconds.
Begin MonoManager ReloadAssembly
Native extension for WindowsStandalone target not found
Refreshing native plugins compatible for Editor in 0.54 ms, found 1 plugins.
Preloading 0 native plugins for Editor in 0.00 ms.
Invoked RoslynAnalysisRunner static constructor.
RoslynAnalysisRunner will not be running.
RoslynAnalysisRunner has terminated.
Mono: successfully reloaded assembly
- Completed reload, in  2.905 seconds
Platform modules already initialized, skipping
Refreshing native plugins compatible for Editor in 0.71 ms, found 1 plugins.
Preloading 0 native plugins for Editor in 0.00 ms.
Unloading 1792 Unused Serialized files (Serialized files now loaded: 0)
System memory in use before: 89.5 MB.
System memory in use after: 89.5 MB.

Unloading 12 unused Assets to reduce memory usage. Loaded Objects now: 2341.
Total: 5.498400 ms (FindLiveObjects: 0.425300 ms CreateObjectMapping: 0.177300 ms MarkObjects: 4.680900 ms  DeleteObjects: 0.210700 ms)

========================================================================
Received Prepare
Registering precompiled user dll's ...
Registered in 0.001730 seconds.
Begin MonoManager ReloadAssembly
Native extension for WindowsStandalone target not found
Refreshing native plugins compatible for Editor in 0.43 ms, found 1 plugins.
Preloading 0 native plugins for Editor in 0.00 ms.
Invoked RoslynAnalysisRunner static constructor.
RoslynAnalysisRunner will not be running.
RoslynAnalysisRunner has terminated.
Mono: successfully reloaded assembly
- Completed reload, in  1.453 seconds
Platform modules already initialized, skipping
Refreshing native plugins compatible for Editor in 0.66 ms, found 1 plugins.
Preloading 0 native plugins for Editor in 0.00 ms.
Unloading 1792 Unused Serialized files (Serialized files now loaded: 0)
System memory in use before: 89.6 MB.
System memory in use after: 89.6 MB.

Unloading 12 unused Assets to reduce memory usage. Loaded Objects now: 2344.
Total: 4.945900 ms (FindLiveObjects: 0.464300 ms CreateObjectMapping: 0.658600 ms MarkObjects: 3.626400 ms  DeleteObjects: 0.194400 ms)

========================================================================
Received Prepare
Registering precompiled user dll's ...
Registered in 0.002081 seconds.
Begin MonoManager ReloadAssembly
Native extension for WindowsStandalone target not found
Refreshing native plugins compatible for Editor in 0.65 ms, found 1 plugins.
Preloading 0 native plugins for Editor in 0.00 ms.
Invoked RoslynAnalysisRunner static constructor.
RoslynAnalysisRunner will not be running.
RoslynAnalysisRunner has terminated.
Mono: successfully reloaded assembly
- Completed reload, in  1.899 seconds
Platform modules already initialized, skipping
Refreshing native plugins compatible for Editor in 7.54 ms, found 1 plugins.
Preloading 0 native plugins for Editor in 0.00 ms.
Unloading 1792 Unused Serialized files (Serialized files now loaded: 0)
System memory in use before: 89.7 MB.
System memory in use after: 89.7 MB.

Unloading 12 unused Assets to reduce memory usage. Loaded Objects now: 2347.
Total: 6.570700 ms (FindLiveObjects: 1.265400 ms CreateObjectMapping: 0.258900 ms MarkObjects: 4.801300 ms  DeleteObjects: 0.242900 ms)

========================================================================
Received Prepare
Registering precompiled user dll's ...
Registered in 0.050491 seconds.
Begin MonoManager ReloadAssembly
Native extension for WindowsStandalone target not found
Refreshing native plugins compatible for Editor in 0.39 ms, found 1 plugins.
Preloading 0 native plugins for Editor in 0.00 ms.
Invoked RoslynAnalysisRunner static constructor.
RoslynAnalysisRunner will not be running.
RoslynAnalysisRunner has terminated.
Mono: successfully reloaded assembly
- Completed reload, in  1.545 seconds
Platform modules already initialized, skipping
Refreshing native plugins compatible for Editor in 0.75 ms, found 1 plugins.
Preloading 0 native plugins for Editor in 0.00 ms.
Unloading 1792 Unused Serialized files (Serialized files now loaded: 0)
System memory in use before: 89.8 MB.
System memory in use after: 89.8 MB.

Unloading 12 unused Assets to reduce memory usage. Loaded Objects now: 2350.
Total: 3.886900 ms (FindLiveObjects: 0.518000 ms CreateObjectMapping: 0.188000 ms MarkObjects: 3.031000 ms  DeleteObjects: 0.147700 ms)

========================================================================
Received Prepare
Registering precompiled user dll's ...
Registered in 0.004330 seconds.
Begin MonoManager ReloadAssembly
Native extension for WindowsStandalone target not found
Refreshing native plugins compatible for Editor in 0.71 ms, found 1 plugins.
Preloading 0 native plugins for Editor in 0.00 ms.
Invoked RoslynAnalysisRunner static constructor.
RoslynAnalysisRunner will not be running.
RoslynAnalysisRunner has terminated.
Mono: successfully reloaded assembly
- Completed reload, in  3.483 seconds
Platform modules already initialized, skipping
Refreshing native plugins compatible for Editor in 0.81 ms, found 1 plugins.
Preloading 0 native plugins for Editor in 0.00 ms.
Unloading 1792 Unused Serialized files (Serialized files now loaded: 0)
System memory in use before: 89.9 MB.
System memory in use after: 89.9 MB.

Unloading 12 unused Assets to reduce memory usage. Loaded Objects now: 2353.
Total: 11.606400 ms (FindLiveObjects: 2.778400 ms CreateObjectMapping: 0.408800 ms MarkObjects: 7.302300 ms  DeleteObjects: 1.110800 ms)

========================================================================
Received Prepare
Registering precompiled user dll's ...
Registered in 0.002638 seconds.
Begin MonoManager ReloadAssembly
Native extension for WindowsStandalone target not found
Refreshing native plugins compatible for Editor in 0.60 ms, found 1 plugins.
Preloading 0 native plugins for Editor in 0.00 ms.
Invoked RoslynAnalysisRunner static constructor.
RoslynAnalysisRunner will not be running.
RoslynAnalysisRunner has terminated.
Mono: successfully reloaded assembly
- Completed reload, in  2.149 seconds
Platform modules already initialized, skipping
Refreshing native plugins compatible for Editor in 0.67 ms, found 1 plugins.
Preloading 0 native plugins for Editor in 0.00 ms.
Unloading 1792 Unused Serialized files (Serialized files now loaded: 0)
System memory in use before: 90.0 MB.
System memory in use after: 90.0 MB.

Unloading 12 unused Assets to reduce memory usage. Loaded Objects now: 2356.
Total: 5.452800 ms (FindLiveObjects: 1.651900 ms CreateObjectMapping: 0.232700 ms MarkObjects: 3.306800 ms  DeleteObjects: 0.258900 ms)

========================================================================
Received Prepare
Registering precompiled user dll's ...
Registered in 0.003494 seconds.
Begin MonoManager ReloadAssembly
Native extension for WindowsStandalone target not found
Refreshing native plugins compatible for Editor in 0.42 ms, found 1 plugins.
Preloading 0 native plugins for Editor in 0.00 ms.
Invoked RoslynAnalysisRunner static constructor.
RoslynAnalysisRunner will not be running.
RoslynAnalysisRunner has terminated.
Mono: successfully reloaded assembly
- Completed reload, in  2.250 seconds
Platform modules already initialized, skipping
Refreshing native plugins compatible for Editor in 0.77 ms, found 1 plugins.
Preloading 0 native plugins for Editor in 0.00 ms.
Unloading 1792 Unused Serialized files (Serialized files now loaded: 0)
System memory in use before: 90.1 MB.
System memory in use after: 90.1 MB.

Unloading 12 unused Assets to reduce memory usage. Loaded Objects now: 2359.
Total: 8.367700 ms (FindLiveObjects: 1.211500 ms CreateObjectMapping: 0.949000 ms MarkObjects: 6.059200 ms  DeleteObjects: 0.145300 ms)

========================================================================
Received Prepare
Registering precompiled user dll's ...
Registered in 0.002460 seconds.
Begin MonoManager ReloadAssembly
Native extension for WindowsStandalone target not found
Refreshing native plugins compatible for Editor in 0.42 ms, found 1 plugins.
Preloading 0 native plugins for Editor in 0.00 ms.
Invoked RoslynAnalysisRunner static constructor.
RoslynAnalysisRunner will not be running.
RoslynAnalysisRunner has terminated.
Mono: successfully reloaded assembly
- Completed reload, in  1.918 seconds
Platform modules already initialized, skipping
Refreshing native plugins compatible for Editor in 0.73 ms, found 1 plugins.
Preloading 0 native plugins for Editor in 0.00 ms.
Unloading 1792 Unused Serialized files (Serialized files now loaded: 0)
System memory in use before: 90.2 MB.
System memory in use after: 90.2 MB.

Unloading 12 unused Assets to reduce memory usage. Loaded Objects now: 2362.
Total: 7.371900 ms (FindLiveObjects: 0.908900 ms CreateObjectMapping: 0.512600 ms MarkObjects: 5.586800 ms  DeleteObjects: 0.361300 ms)

========================================================================
Received Prepare
Registering precompiled user dll's ...
Registered in 0.002832 seconds.
Begin MonoManager ReloadAssembly
Native extension for WindowsStandalone target not found
Refreshing native plugins compatible for Editor in 0.39 ms, found 1 plugins.
Preloading 0 native plugins for Editor in 0.00 ms.
Invoked RoslynAnalysisRunner static constructor.
RoslynAnalysisRunner will not be running.
RoslynAnalysisRunner has terminated.
Mono: successfully reloaded assembly
- Completed reload, in  1.338 seconds
Platform modules already initialized, skipping
Refreshing native plugins compatible for Editor in 12.66 ms, found 1 plugins.
Preloading 0 native plugins for Editor in 0.00 ms.
Unloading 1792 Unused Serialized files (Serialized files now loaded: 0)
System memory in use before: 90.3 MB.
System memory in use after: 90.3 MB.

Unloading 12 unused Assets to reduce memory usage. Loaded Objects now: 2365.
Total: 6.671000 ms (FindLiveObjects: 1.249900 ms CreateObjectMapping: 0.478000 ms MarkObjects: 4.785200 ms  DeleteObjects: 0.155200 ms)

========================================================================
Received Prepare
Registering precompiled user dll's ...
Registered in 0.001762 seconds.
Begin MonoManager ReloadAssembly
Native extension for WindowsStandalone target not found
Refreshing native plugins compatible for Editor in 0.45 ms, found 1 plugins.
Preloading 0 native plugins for Editor in 0.00 ms.
Invoked RoslynAnalysisRunner static constructor.
RoslynAnalysisRunner will not be running.
RoslynAnalysisRunner has terminated.
Mono: successfully reloaded assembly
- Completed reload, in  1.273 seconds
Platform modules already initialized, skipping
Refreshing native plugins compatible for Editor in 0.65 ms, found 1 plugins.
Preloading 0 native plugins for Editor in 0.00 ms.
Unloading 1792 Unused Serialized files (Serialized files now loaded: 0)
System memory in use before: 89.4 MB.
System memory in use after: 89.4 MB.

Unloading 12 unused Assets to reduce memory usage. Loaded Objects now: 2368.
Total: 4.709400 ms (FindLiveObjects: 0.414900 ms CreateObjectMapping: 0.172600 ms MarkObjects: 3.864400 ms  DeleteObjects: 0.254300 ms)

AssetImportWorkerClient::OnTransportError - code=2 error=End of file
