Using pre-set license
Built from '2020.2/release' branch; Version is '2020.2.2f1 (068178b99f32) revision 426360'; Using compiler version '192528614'; Build Type 'Release'
OS: 'Windows 10 Home Single Language; OS build 19041.746; Version 2004; 64bit' Language: 'es' Physical Memory: 8081 MB
BatchMode: 1, IsHumanControllingUs: 0, StartBugReporterOnCrash: 0, Is64bit: 1, IsPro: 0

 COMMAND LINE ARGUMENTS:
C:\Users\david\Desktop\Unity\2020.2.2f1\Editor\Unity.exe
-adb2
-batchMode
-noUpm
-name
AssetImportWorker0
-projectPath
C:/Users/david/OneDrive/Documents/GitHub/gameJAM-2021/JAM 2021
-logFile
Logs/AssetImportWorker0.log
-srvPort
63751
Successfully changed project path to: C:/Users/david/OneDrive/Documents/GitHub/gameJAM-2021/JAM 2021
C:/Users/david/OneDrive/Documents/GitHub/gameJAM-2021/JAM 2021
Using Asset Import Pipeline V2.
Refreshing native plugins compatible for Editor in 64.91 ms, found 1 plugins.
Preloading 0 native plugins for Editor in 0.00 ms.
Initialize engine version: 2020.2.2f1 (068178b99f32)
[Subsystems] Discovering subsystems at path C:/Users/david/Desktop/Unity/2020.2.2f1/Editor/Data/Resources/UnitySubsystems
[Subsystems] Discovering subsystems at path C:/Users/david/OneDrive/Documents/GitHub/gameJAM-2021/JAM 2021/Assets
GfxDevice: creating device client; threaded=0
Direct3D:
    Version:  Direct3D 11.0 [level 11.1]
    Renderer: Intel(R) HD Graphics 520 (ID=0x1916)
    Vendor:   
    VRAM:     4040 MB
    Driver:   21.20.16.4542
Initialize mono
Mono path[0] = 'C:/Users/david/Desktop/Unity/2020.2.2f1/Editor/Data/Managed'
Mono path[1] = 'C:/Users/david/Desktop/Unity/2020.2.2f1/Editor/Data/MonoBleedingEdge/lib/mono/unityjit'
Mono config path = 'C:/Users/david/Desktop/Unity/2020.2.2f1/Editor/Data/MonoBleedingEdge/etc'
Using monoOptions --debugger-agent=transport=dt_socket,embedding=1,server=y,suspend=n,address=127.0.0.1:56620
Begin MonoManager ReloadAssembly
Registering precompiled unity dll's ...
Register platform support module: C:/Users/david/Desktop/Unity/2020.2.2f1/Editor/Data/PlaybackEngines/WindowsStandaloneSupport/UnityEditor.WindowsStandalone.Extensions.dll
Registered in 0.072837 seconds.
Native extension for WindowsStandalone target not found
Refreshing native plugins compatible for Editor in 50.35 ms, found 1 plugins.
Preloading 0 native plugins for Editor in 0.00 ms.
Invoked RoslynAnalysisRunner static constructor.
RoslynAnalysisRunner will not be running.
RoslynAnalysisRunner has terminated.
Mono: successfully reloaded assembly
- Completed reload, in  1.942 seconds
Platform modules already initialized, skipping
Registering precompiled user dll's ...
Registered in 0.020639 seconds.
Begin MonoManager ReloadAssembly
Native extension for WindowsStandalone target not found
Refreshing native plugins compatible for Editor in 52.75 ms, found 1 plugins.
Preloading 0 native plugins for Editor in 0.00 ms.
Invoked RoslynAnalysisRunner static constructor.
RoslynAnalysisRunner will not be running.
RoslynAnalysisRunner has terminated.
Mono: successfully reloaded assembly
- Completed reload, in  2.109 seconds
Platform modules already initialized, skipping
========================================================================
Worker process is ready to serve import requests
Launched and connected shader compiler UnityShaderCompiler.exe after 0.16 seconds
Refreshing native plugins compatible for Editor in 0.61 ms, found 1 plugins.
Preloading 0 native plugins for Editor in 0.00 ms.
Unloading 1792 Unused Serialized files (Serialized files now loaded: 0)
System memory in use before: 84.2 MB.
System memory in use after: 84.2 MB.

Unloading 24 unused Assets to reduce memory usage. Loaded Objects now: 2233.
Total: 3.887800 ms (FindLiveObjects: 0.452000 ms CreateObjectMapping: 0.228400 ms MarkObjects: 2.964600 ms  DeleteObjects: 0.235100 ms)

========================================================================
Received Import Request.
  path: Assets/Scripts
  artifactKey: Guid(cfc799a7b7469e24f818d743732ffc60) Importer(815301076,1909f56bfc062723c751e8b465ee728b)
Start importing Assets/Scripts using Guid(cfc799a7b7469e24f818d743732ffc60) Importer(815301076,1909f56bfc062723c751e8b465ee728b)  -> (artifact id: 'd5e55843ae6674db3734307e26d6c064') in 0.022831 seconds
  Import took 0.028485 seconds .

========================================================================
Received Import Request.
  Time since last request: 0.000400 seconds.
  path: Assets
  artifactKey: Guid(00000000000000001000000000000000) Importer(815301076,1909f56bfc062723c751e8b465ee728b)
Start importing Assets using Guid(00000000000000001000000000000000) Importer(815301076,1909f56bfc062723c751e8b465ee728b)  -> (artifact id: '4a6e520b92ccfc61bcfa21a7bcab8468') in 0.015961 seconds
  Import took 0.022136 seconds .

========================================================================
Received Import Request.
  Time since last request: 6.727653 seconds.
  path: Assets/Videos
  artifactKey: Guid(5db72cf506d9ee34aac9c50bf24e618d) Importer(815301076,1909f56bfc062723c751e8b465ee728b)
Start importing Assets/Videos using Guid(5db72cf506d9ee34aac9c50bf24e618d) Importer(815301076,1909f56bfc062723c751e8b465ee728b)  -> (artifact id: '081ca175842dbbece57b331d83943aae') in 0.016996 seconds
  Import took 0.021736 seconds .

========================================================================
Received Import Request.
  Time since last request: 25.169096 seconds.
  path: Assets/Object
  artifactKey: Guid(bcfa728caadf9c442ab8ace4fbda3700) Importer(815301076,1909f56bfc062723c751e8b465ee728b)
Start importing Assets/Object using Guid(bcfa728caadf9c442ab8ace4fbda3700) Importer(815301076,1909f56bfc062723c751e8b465ee728b)  -> (artifact id: '8552fde74029484129b75ac50d993214') in 0.019610 seconds
  Import took 0.026268 seconds .

========================================================================
Received Import Request.
  Time since last request: 473.755629 seconds.
  path: Assets/Scripts/VideoController.cs
  artifactKey: Guid(24bdd23697d6bb74795c4e484f34ddd0) Importer(815301076,1909f56bfc062723c751e8b465ee728b)
Start importing Assets/Scripts/VideoController.cs using Guid(24bdd23697d6bb74795c4e484f34ddd0) Importer(815301076,1909f56bfc062723c751e8b465ee728b)  -> (artifact id: 'd5fce3626d30426eb284738c9a57f761') in 1.035122 seconds
  Import took 1.039888 seconds .

========================================================================
Received Prepare
Registering precompiled user dll's ...
Registered in 0.001929 seconds.
Begin MonoManager ReloadAssembly
Native extension for WindowsStandalone target not found
Refreshing native plugins compatible for Editor in 0.62 ms, found 1 plugins.
Preloading 0 native plugins for Editor in 0.00 ms.
Invoked RoslynAnalysisRunner static constructor.
RoslynAnalysisRunner will not be running.
RoslynAnalysisRunner has terminated.
Mono: successfully reloaded assembly
- Completed reload, in  1.372 seconds
Platform modules already initialized, skipping
Refreshing native plugins compatible for Editor in 5.09 ms, found 1 plugins.
Preloading 0 native plugins for Editor in 0.00 ms.
Unloading 1788 Unused Serialized files (Serialized files now loaded: 0)
System memory in use before: 84.3 MB.
System memory in use after: 84.3 MB.

Unloading 12 unused Assets to reduce memory usage. Loaded Objects now: 2237.
Total: 2.924500 ms (FindLiveObjects: 0.311300 ms CreateObjectMapping: 0.109300 ms MarkObjects: 2.357100 ms  DeleteObjects: 0.145400 ms)

AssetImportWorkerClient::OnTransportError - code=2 error=End of file
